<?xml version="1.0" encoding="utf-8"?>
<CoverageSession xmlns:xsd="http://www.w3.org/2001/XMLSchema" xmlns:xsi="http://www.w3.org/2001/XMLSchema-instance" Version="0.0.0.0">
  <Summary numSequencePoints="1155" visitedSequencePoints="40" numBranchPoints="0" visitedBranchPoints="0" sequenceCoverage="3.46" branchCoverage="0.0" maxCyclomaticComplexity="0" minCyclomaticComplexity="0" maxCrapScore="0" minCrapScore="0" visitedClasses="4" numClasses="28" visitedMethods="9" numMethods="215" />
  <Modules>
    <Module>
      <Summary numSequencePoints="153" visitedSequencePoints="0" numBranchPoints="0" visitedBranchPoints="0" sequenceCoverage="0.0" branchCoverage="0.0" maxCyclomaticComplexity="0" minCyclomaticComplexity="0" maxCrapScore="0" minCrapScore="0" visitedClasses="0" numClasses="1" visitedMethods="0" numMethods="14" />
      <ModuleTime>0001-01-01T00:00:00</ModuleTime>
      <ModuleName>Assembly-CSharp-Editor</ModuleName>
      <Files>
        <File uid="1" fullPath="/Users/petarsimonovic/Library/Mobile Documents/com~apple~CloudDocs/Pete/Coding/Games/HiveCrash/Assets/TutorialInfo/Scripts/Editor/ReadmeEditor.cs" />
      </Files>
      <Classes>
        <Class>
          <Summary numSequencePoints="153" visitedSequencePoints="0" numBranchPoints="0" visitedBranchPoints="0" sequenceCoverage="0.0" branchCoverage="0.0" maxCyclomaticComplexity="0" minCyclomaticComplexity="0" maxCrapScore="0" minCrapScore="0" visitedClasses="0" numClasses="1" visitedMethods="0" numMethods="14" />
          <FullName>ReadmeEditor</FullName>
          <Methods>
            <Method visited="false" cyclomaticComplexity="0" nPathComplexity="0" sequenceCoverage="0.0" branchCoverage="0" crapScore="0" isConstructor="false" isStatic="true" isGetter="false" isSetter="false">
              <Summary numSequencePoints="21" visitedSequencePoints="0" numBranchPoints="0" visitedBranchPoints="0" sequenceCoverage="0.0" branchCoverage="0" maxCyclomaticComplexity="0" minCyclomaticComplexity="0" maxCrapScore="0" minCrapScore="0" visitedClasses="0" numClasses="0" visitedMethods="0" numMethods="1" />
              <MetadataToken>100663298</MetadataToken>
              <Name>static System.Void ReadmeEditor::RemoveTutorial()</Name>
              <FileRef uid="1" />
              <SequencePoints>
                <SequencePoint vc="0" uspid="1" ordinal="0" offset="0" sl="25" sc="0" el="25" ec="0" bec="0" bev="0" fileid="1" />
                <SequencePoint vc="0" uspid="2" ordinal="0" offset="1" sl="26" sc="0" el="26" ec="0" bec="0" bev="0" fileid="1" />
                <SequencePoint vc="0" uspid="3" ordinal="0" offset="48" sl="31" sc="0" el="31" ec="0" bec="0" bev="0" fileid="1" />
                <SequencePoint vc="0" uspid="4" ordinal="0" offset="49" sl="32" sc="0" el="32" ec="0" bec="0" bev="0" fileid="1" />
                <SequencePoint vc="0" uspid="5" ordinal="0" offset="63" sl="33" sc="0" el="33" ec="0" bec="0" bev="0" fileid="1" />
                <SequencePoint vc="0" uspid="6" ordinal="0" offset="64" sl="34" sc="0" el="34" ec="0" bec="0" bev="0" fileid="1" />
                <SequencePoint vc="0" uspid="7" ordinal="0" offset="75" sl="35" sc="0" el="35" ec="0" bec="0" bev="0" fileid="1" />
                <SequencePoint vc="0" uspid="8" ordinal="0" offset="96" sl="36" sc="0" el="36" ec="0" bec="0" bev="0" fileid="1" />
                <SequencePoint vc="0" uspid="9" ordinal="0" offset="99" sl="38" sc="0" el="38" ec="0" bec="0" bev="0" fileid="1" />
                <SequencePoint vc="0" uspid="10" ordinal="0" offset="100" sl="39" sc="0" el="39" ec="0" bec="0" bev="0" fileid="1" />
                <SequencePoint vc="0" uspid="11" ordinal="0" offset="121" sl="40" sc="0" el="40" ec="0" bec="0" bev="0" fileid="1" />
                <SequencePoint vc="0" uspid="12" ordinal="0" offset="122" sl="42" sc="0" el="42" ec="0" bec="0" bev="0" fileid="1" />
                <SequencePoint vc="0" uspid="13" ordinal="0" offset="128" sl="43" sc="0" el="43" ec="0" bec="0" bev="0" fileid="1" />
                <SequencePoint vc="0" uspid="14" ordinal="0" offset="139" sl="44" sc="0" el="44" ec="0" bec="0" bev="0" fileid="1" />
                <SequencePoint vc="0" uspid="15" ordinal="0" offset="140" sl="45" sc="0" el="45" ec="0" bec="0" bev="0" fileid="1" />
                <SequencePoint vc="0" uspid="16" ordinal="0" offset="148" sl="46" sc="0" el="46" ec="0" bec="0" bev="0" fileid="1" />
                <SequencePoint vc="0" uspid="17" ordinal="0" offset="166" sl="47" sc="0" el="47" ec="0" bec="0" bev="0" fileid="1" />
                <SequencePoint vc="0" uspid="18" ordinal="0" offset="174" sl="48" sc="0" el="48" ec="0" bec="0" bev="0" fileid="1" />
                <SequencePoint vc="0" uspid="19" ordinal="0" offset="175" sl="50" sc="0" el="50" ec="0" bec="0" bev="0" fileid="1" />
                <SequencePoint vc="0" uspid="20" ordinal="0" offset="181" sl="51" sc="0" el="51" ec="0" bec="0" bev="0" fileid="1" />
                <SequencePoint vc="0" uspid="21" ordinal="0" offset="182" sl="52" sc="0" el="52" ec="0" bec="0" bev="0" fileid="1" />
              </SequencePoints>
              <BranchPoints />
            </Method>
            <Method visited="false" cyclomaticComplexity="0" nPathComplexity="0" sequenceCoverage="0.0" branchCoverage="0" crapScore="0" isConstructor="false" isStatic="true" isGetter="false" isSetter="false">
              <Summary numSequencePoints="12" visitedSequencePoints="0" numBranchPoints="0" visitedBranchPoints="0" sequenceCoverage="0.0" branchCoverage="0" maxCyclomaticComplexity="0" minCyclomaticComplexity="0" maxCrapScore="0" minCrapScore="0" visitedClasses="0" numClasses="0" visitedMethods="0" numMethods="1" />
              <MetadataToken>100663299</MetadataToken>
              <Name>static System.Void ReadmeEditor::SelectReadmeAutomatically()</Name>
              <FileRef uid="1" />
              <SequencePoints>
                <SequencePoint vc="0" uspid="22" ordinal="0" offset="0" sl="55" sc="5" el="55" ec="5" bec="0" bev="0" fileid="1" />
                <SequencePoint vc="0" uspid="23" ordinal="0" offset="1" sl="56" sc="9" el="56" ec="9" bec="0" bev="0" fileid="1" />
                <SequencePoint vc="0" uspid="24" ordinal="0" offset="19" sl="57" sc="9" el="57" ec="9" bec="0" bev="0" fileid="1" />
                <SequencePoint vc="0" uspid="25" ordinal="0" offset="20" sl="58" sc="13" el="58" ec="13" bec="0" bev="0" fileid="1" />
                <SequencePoint vc="0" uspid="26" ordinal="0" offset="26" sl="59" sc="13" el="59" ec="13" bec="0" bev="0" fileid="1" />
                <SequencePoint vc="0" uspid="27" ordinal="0" offset="38" sl="61" sc="13" el="61" ec="13" bec="0" bev="0" fileid="1" />
                <SequencePoint vc="0" uspid="28" ordinal="0" offset="62" sl="62" sc="13" el="62" ec="13" bec="0" bev="0" fileid="1" />
                <SequencePoint vc="0" uspid="29" ordinal="0" offset="63" sl="63" sc="17" el="63" ec="17" bec="0" bev="0" fileid="1" />
                <SequencePoint vc="0" uspid="30" ordinal="0" offset="69" sl="64" sc="17" el="64" ec="17" bec="0" bev="0" fileid="1" />
                <SequencePoint vc="0" uspid="31" ordinal="0" offset="76" sl="65" sc="13" el="65" ec="13" bec="0" bev="0" fileid="1" />
                <SequencePoint vc="0" uspid="32" ordinal="0" offset="77" sl="66" sc="9" el="66" ec="9" bec="0" bev="0" fileid="1" />
                <SequencePoint vc="0" uspid="33" ordinal="0" offset="78" sl="67" sc="5" el="67" ec="5" bec="0" bev="0" fileid="1" />
              </SequencePoints>
              <BranchPoints />
            </Method>
            <Method visited="false" cyclomaticComplexity="0" nPathComplexity="0" sequenceCoverage="0.0" branchCoverage="0" crapScore="0" isConstructor="false" isStatic="true" isGetter="false" isSetter="false">
              <Summary numSequencePoints="6" visitedSequencePoints="0" numBranchPoints="0" visitedBranchPoints="0" sequenceCoverage="0.0" branchCoverage="0" maxCyclomaticComplexity="0" minCyclomaticComplexity="0" maxCrapScore="0" minCrapScore="0" visitedClasses="0" numClasses="0" visitedMethods="0" numMethods="1" />
              <MetadataToken>100663300</MetadataToken>
              <Name>static System.Void ReadmeEditor::LoadLayout()</Name>
              <FileRef uid="1" />
              <SequencePoints>
                <SequencePoint vc="0" uspid="34" ordinal="0" offset="0" sl="70" sc="0" el="70" ec="0" bec="0" bev="0" fileid="1" />
                <SequencePoint vc="0" uspid="35" ordinal="0" offset="1" sl="71" sc="0" el="71" ec="0" bec="0" bev="0" fileid="1" />
                <SequencePoint vc="0" uspid="36" ordinal="0" offset="17" sl="72" sc="0" el="72" ec="0" bec="0" bev="0" fileid="1" />
                <SequencePoint vc="0" uspid="37" ordinal="0" offset="30" sl="73" sc="0" el="73" ec="0" bec="0" bev="0" fileid="1" />
                <SequencePoint vc="0" uspid="38" ordinal="0" offset="44" sl="74" sc="0" el="74" ec="0" bec="0" bev="0" fileid="1" />
                <SequencePoint vc="0" uspid="39" ordinal="0" offset="85" sl="75" sc="0" el="75" ec="0" bec="0" bev="0" fileid="1" />
              </SequencePoints>
              <BranchPoints />
            </Method>
            <Method visited="false" cyclomaticComplexity="0" nPathComplexity="0" sequenceCoverage="0.0" branchCoverage="0" crapScore="0" isConstructor="false" isStatic="true" isGetter="false" isSetter="false">
              <Summary numSequencePoints="11" visitedSequencePoints="0" numBranchPoints="0" visitedBranchPoints="0" sequenceCoverage="0.0" branchCoverage="0" maxCyclomaticComplexity="0" minCyclomaticComplexity="0" maxCrapScore="0" minCrapScore="0" visitedClasses="0" numClasses="0" visitedMethods="0" numMethods="1" />
              <MetadataToken>100663301</MetadataToken>
              <Name>static Readme ReadmeEditor::SelectReadme()</Name>
              <FileRef uid="1" />
              <SequencePoints>
                <SequencePoint vc="0" uspid="40" ordinal="0" offset="0" sl="78" sc="0" el="78" ec="0" bec="0" bev="0" fileid="1" />
                <SequencePoint vc="0" uspid="41" ordinal="0" offset="1" sl="79" sc="0" el="79" ec="0" bec="0" bev="0" fileid="1" />
                <SequencePoint vc="0" uspid="42" ordinal="0" offset="12" sl="80" sc="0" el="80" ec="0" bec="0" bev="0" fileid="1" />
                <SequencePoint vc="0" uspid="43" ordinal="0" offset="22" sl="81" sc="0" el="81" ec="0" bec="0" bev="0" fileid="1" />
                <SequencePoint vc="0" uspid="44" ordinal="0" offset="23" sl="82" sc="0" el="82" ec="0" bec="0" bev="0" fileid="1" />
                <SequencePoint vc="0" uspid="45" ordinal="0" offset="37" sl="84" sc="0" el="84" ec="0" bec="0" bev="0" fileid="1" />
                <SequencePoint vc="0" uspid="46" ordinal="0" offset="53" sl="86" sc="0" el="86" ec="0" bec="0" bev="0" fileid="1" />
                <SequencePoint vc="0" uspid="47" ordinal="0" offset="62" sl="89" sc="0" el="89" ec="0" bec="0" bev="0" fileid="1" />
                <SequencePoint vc="0" uspid="48" ordinal="0" offset="63" sl="90" sc="0" el="90" ec="0" bec="0" bev="0" fileid="1" />
                <SequencePoint vc="0" uspid="49" ordinal="0" offset="74" sl="91" sc="0" el="91" ec="0" bec="0" bev="0" fileid="1" />
                <SequencePoint vc="0" uspid="50" ordinal="0" offset="78" sl="93" sc="0" el="93" ec="0" bec="0" bev="0" fileid="1" />
              </SequencePoints>
              <BranchPoints />
            </Method>
            <Method visited="false" cyclomaticComplexity="0" nPathComplexity="0" sequenceCoverage="0.0" branchCoverage="0" crapScore="0" isConstructor="false" isStatic="false" isGetter="false" isSetter="false">
              <Summary numSequencePoints="23" visitedSequencePoints="0" numBranchPoints="0" visitedBranchPoints="0" sequenceCoverage="0.0" branchCoverage="0" maxCyclomaticComplexity="0" minCyclomaticComplexity="0" maxCrapScore="0" minCrapScore="0" visitedClasses="0" numClasses="0" visitedMethods="0" numMethods="1" />
              <MetadataToken>100663302</MetadataToken>
              <Name>System.Void ReadmeEditor::OnHeaderGUI()</Name>
              <FileRef uid="1" />
              <SequencePoints>
                <SequencePoint vc="0" uspid="51" ordinal="0" offset="0" sl="96" sc="0" el="96" ec="0" bec="0" bev="0" fileid="1" />
                <SequencePoint vc="0" uspid="52" ordinal="0" offset="1" sl="97" sc="0" el="97" ec="0" bec="0" bev="0" fileid="1" />
                <SequencePoint vc="0" uspid="53" ordinal="0" offset="13" sl="98" sc="0" el="98" ec="0" bec="0" bev="0" fileid="1" />
                <SequencePoint vc="0" uspid="54" ordinal="0" offset="20" sl="100" sc="0" el="100" ec="0" bec="0" bev="0" fileid="1" />
                <SequencePoint vc="0" uspid="55" ordinal="0" offset="48" sl="102" sc="0" el="102" ec="0" bec="0" bev="0" fileid="1" />
                <SequencePoint vc="0" uspid="56" ordinal="0" offset="69" sl="103" sc="0" el="103" ec="0" bec="0" bev="0" fileid="1" />
                <SequencePoint vc="0" uspid="57" ordinal="0" offset="70" sl="104" sc="0" el="104" ec="0" bec="0" bev="0" fileid="1" />
                <SequencePoint vc="0" uspid="58" ordinal="0" offset="86" sl="105" sc="0" el="105" ec="0" bec="0" bev="0" fileid="1" />
                <SequencePoint vc="0" uspid="59" ordinal="0" offset="87" sl="106" sc="0" el="106" ec="0" bec="0" bev="0" fileid="1" />
                <SequencePoint vc="0" uspid="60" ordinal="0" offset="98" sl="107" sc="0" el="107" ec="0" bec="0" bev="0" fileid="1" />
                <SequencePoint vc="0" uspid="61" ordinal="0" offset="134" sl="108" sc="0" el="108" ec="0" bec="0" bev="0" fileid="1" />
                <SequencePoint vc="0" uspid="62" ordinal="0" offset="135" sl="109" sc="0" el="109" ec="0" bec="0" bev="0" fileid="1" />
                <SequencePoint vc="0" uspid="63" ordinal="0" offset="146" sl="110" sc="0" el="110" ec="0" bec="0" bev="0" fileid="1" />
                <SequencePoint vc="0" uspid="64" ordinal="0" offset="157" sl="111" sc="0" el="111" ec="0" bec="0" bev="0" fileid="1" />
                <SequencePoint vc="0" uspid="65" ordinal="0" offset="158" sl="113" sc="0" el="113" ec="0" bec="0" bev="0" fileid="1" />
                <SequencePoint vc="0" uspid="66" ordinal="0" offset="164" sl="114" sc="0" el="114" ec="0" bec="0" bev="0" fileid="1" />
                <SequencePoint vc="0" uspid="67" ordinal="0" offset="187" sl="115" sc="0" el="115" ec="0" bec="0" bev="0" fileid="1" />
                <SequencePoint vc="0" uspid="68" ordinal="0" offset="193" sl="116" sc="0" el="116" ec="0" bec="0" bev="0" fileid="1" />
                <SequencePoint vc="0" uspid="69" ordinal="0" offset="194" sl="117" sc="0" el="117" ec="0" bec="0" bev="0" fileid="1" />
                <SequencePoint vc="0" uspid="70" ordinal="0" offset="200" sl="118" sc="0" el="118" ec="0" bec="0" bev="0" fileid="1" />
                <SequencePoint vc="0" uspid="71" ordinal="0" offset="206" sl="119" sc="0" el="119" ec="0" bec="0" bev="0" fileid="1" />
                <SequencePoint vc="0" uspid="72" ordinal="0" offset="207" sl="120" sc="0" el="120" ec="0" bec="0" bev="0" fileid="1" />
                <SequencePoint vc="0" uspid="73" ordinal="0" offset="213" sl="121" sc="0" el="121" ec="0" bec="0" bev="0" fileid="1" />
              </SequencePoints>
              <BranchPoints />
            </Method>
            <Method visited="false" cyclomaticComplexity="0" nPathComplexity="0" sequenceCoverage="0.0" branchCoverage="0" crapScore="0" isConstructor="false" isStatic="false" isGetter="false" isSetter="false">
              <Summary numSequencePoints="30" visitedSequencePoints="0" numBranchPoints="0" visitedBranchPoints="0" sequenceCoverage="0.0" branchCoverage="0" maxCyclomaticComplexity="0" minCyclomaticComplexity="0" maxCrapScore="0" minCrapScore="0" visitedClasses="0" numClasses="0" visitedMethods="0" numMethods="1" />
              <MetadataToken>100663303</MetadataToken>
              <Name>System.Void ReadmeEditor::OnInspectorGUI()</Name>
              <FileRef uid="1" />
              <SequencePoints>
                <SequencePoint vc="0" uspid="74" ordinal="0" offset="0" sl="124" sc="0" el="124" ec="0" bec="0" bev="0" fileid="1" />
                <SequencePoint vc="0" uspid="75" ordinal="0" offset="1" sl="125" sc="0" el="125" ec="0" bec="0" bev="0" fileid="1" />
                <SequencePoint vc="0" uspid="76" ordinal="0" offset="13" sl="126" sc="0" el="126" ec="0" bec="0" bev="0" fileid="1" />
                <SequencePoint vc="0" uspid="77" ordinal="0" offset="20" sl="128" sc="0" el="128" ec="0" bec="0" bev="0" fileid="1" />
                <SequencePoint vc="0" uspid="78" ordinal="0" offset="21" sl="128" sc="0" el="128" ec="0" bec="0" bev="0" fileid="1" />
                <SequencePoint vc="0" uspid="79" ordinal="0" offset="35" sl="128" sc="0" el="128" ec="0" bec="0" bev="0" fileid="1" />
                <SequencePoint vc="0" uspid="80" ordinal="0" offset="39" sl="129" sc="0" el="129" ec="0" bec="0" bev="0" fileid="1" />
                <SequencePoint vc="0" uspid="81" ordinal="0" offset="40" sl="130" sc="0" el="130" ec="0" bec="0" bev="0" fileid="1" />
                <SequencePoint vc="0" uspid="82" ordinal="0" offset="60" sl="131" sc="0" el="131" ec="0" bec="0" bev="0" fileid="1" />
                <SequencePoint vc="0" uspid="83" ordinal="0" offset="61" sl="132" sc="0" el="132" ec="0" bec="0" bev="0" fileid="1" />
                <SequencePoint vc="0" uspid="84" ordinal="0" offset="84" sl="133" sc="0" el="133" ec="0" bec="0" bev="0" fileid="1" />
                <SequencePoint vc="0" uspid="85" ordinal="0" offset="85" sl="135" sc="0" el="135" ec="0" bec="0" bev="0" fileid="1" />
                <SequencePoint vc="0" uspid="86" ordinal="0" offset="105" sl="136" sc="0" el="136" ec="0" bec="0" bev="0" fileid="1" />
                <SequencePoint vc="0" uspid="87" ordinal="0" offset="106" sl="137" sc="0" el="137" ec="0" bec="0" bev="0" fileid="1" />
                <SequencePoint vc="0" uspid="88" ordinal="0" offset="129" sl="138" sc="0" el="138" ec="0" bec="0" bev="0" fileid="1" />
                <SequencePoint vc="0" uspid="89" ordinal="0" offset="130" sl="140" sc="0" el="140" ec="0" bec="0" bev="0" fileid="1" />
                <SequencePoint vc="0" uspid="90" ordinal="0" offset="150" sl="141" sc="0" el="141" ec="0" bec="0" bev="0" fileid="1" />
                <SequencePoint vc="0" uspid="91" ordinal="0" offset="151" sl="142" sc="0" el="142" ec="0" bec="0" bev="0" fileid="1" />
                <SequencePoint vc="0" uspid="92" ordinal="0" offset="179" sl="143" sc="0" el="143" ec="0" bec="0" bev="0" fileid="1" />
                <SequencePoint vc="0" uspid="93" ordinal="0" offset="180" sl="144" sc="0" el="144" ec="0" bec="0" bev="0" fileid="1" />
                <SequencePoint vc="0" uspid="94" ordinal="0" offset="192" sl="145" sc="0" el="145" ec="0" bec="0" bev="0" fileid="1" />
                <SequencePoint vc="0" uspid="95" ordinal="0" offset="193" sl="146" sc="0" el="146" ec="0" bec="0" bev="0" fileid="1" />
                <SequencePoint vc="0" uspid="96" ordinal="0" offset="194" sl="148" sc="0" el="148" ec="0" bec="0" bev="0" fileid="1" />
                <SequencePoint vc="0" uspid="97" ordinal="0" offset="205" sl="149" sc="0" el="149" ec="0" bec="0" bev="0" fileid="1" />
                <SequencePoint vc="0" uspid="98" ordinal="0" offset="210" sl="128" sc="0" el="128" ec="0" bec="0" bev="0" fileid="1" />
                <SequencePoint vc="0" uspid="99" ordinal="0" offset="219" sl="151" sc="0" el="151" ec="0" bec="0" bev="0" fileid="1" />
                <SequencePoint vc="0" uspid="100" ordinal="0" offset="246" sl="152" sc="0" el="152" ec="0" bec="0" bev="0" fileid="1" />
                <SequencePoint vc="0" uspid="101" ordinal="0" offset="247" sl="153" sc="0" el="153" ec="0" bec="0" bev="0" fileid="1" />
                <SequencePoint vc="0" uspid="102" ordinal="0" offset="253" sl="154" sc="0" el="154" ec="0" bec="0" bev="0" fileid="1" />
                <SequencePoint vc="0" uspid="103" ordinal="0" offset="254" sl="155" sc="0" el="155" ec="0" bec="0" bev="0" fileid="1" />
              </SequencePoints>
              <BranchPoints />
            </Method>
            <Method visited="false" cyclomaticComplexity="0" nPathComplexity="0" sequenceCoverage="0.0" branchCoverage="0" crapScore="0" isConstructor="false" isStatic="false" isGetter="true" isSetter="false">
              <Summary numSequencePoints="3" visitedSequencePoints="0" numBranchPoints="0" visitedBranchPoints="0" sequenceCoverage="0.0" branchCoverage="0" maxCyclomaticComplexity="0" minCyclomaticComplexity="0" maxCrapScore="0" minCrapScore="0" visitedClasses="0" numClasses="0" visitedMethods="0" numMethods="1" />
              <MetadataToken>100663304</MetadataToken>
              <Name>UnityEngine.GUIStyle ReadmeEditor::get_LinkStyle()</Name>
              <FileRef uid="1" />
              <SequencePoints>
                <SequencePoint vc="0" uspid="104" ordinal="0" offset="0" sl="161" sc="0" el="161" ec="0" bec="0" bev="0" fileid="1" />
                <SequencePoint vc="0" uspid="105" ordinal="0" offset="1" sl="161" sc="0" el="161" ec="0" bec="0" bev="0" fileid="1" />
                <SequencePoint vc="0" uspid="106" ordinal="0" offset="10" sl="161" sc="0" el="161" ec="0" bec="0" bev="0" fileid="1" />
              </SequencePoints>
              <BranchPoints />
            </Method>
            <Method visited="false" cyclomaticComplexity="0" nPathComplexity="0" sequenceCoverage="0.0" branchCoverage="0" crapScore="0" isConstructor="false" isStatic="false" isGetter="true" isSetter="false">
              <Summary numSequencePoints="3" visitedSequencePoints="0" numBranchPoints="0" visitedBranchPoints="0" sequenceCoverage="0.0" branchCoverage="0" maxCyclomaticComplexity="0" minCyclomaticComplexity="0" maxCrapScore="0" minCrapScore="0" visitedClasses="0" numClasses="0" visitedMethods="0" numMethods="1" />
              <MetadataToken>100663305</MetadataToken>
              <Name>UnityEngine.GUIStyle ReadmeEditor::get_TitleStyle()</Name>
              <FileRef uid="1" />
              <SequencePoints>
                <SequencePoint vc="0" uspid="107" ordinal="0" offset="0" sl="169" sc="0" el="169" ec="0" bec="0" bev="0" fileid="1" />
                <SequencePoint vc="0" uspid="108" ordinal="0" offset="1" sl="169" sc="0" el="169" ec="0" bec="0" bev="0" fileid="1" />
                <SequencePoint vc="0" uspid="109" ordinal="0" offset="10" sl="169" sc="0" el="169" ec="0" bec="0" bev="0" fileid="1" />
              </SequencePoints>
              <BranchPoints />
            </Method>
            <Method visited="false" cyclomaticComplexity="0" nPathComplexity="0" sequenceCoverage="0.0" branchCoverage="0" crapScore="0" isConstructor="false" isStatic="false" isGetter="true" isSetter="false">
              <Summary numSequencePoints="3" visitedSequencePoints="0" numBranchPoints="0" visitedBranchPoints="0" sequenceCoverage="0.0" branchCoverage="0" maxCyclomaticComplexity="0" minCyclomaticComplexity="0" maxCrapScore="0" minCrapScore="0" visitedClasses="0" numClasses="0" visitedMethods="0" numMethods="1" />
              <MetadataToken>100663306</MetadataToken>
              <Name>UnityEngine.GUIStyle ReadmeEditor::get_HeadingStyle()</Name>
              <FileRef uid="1" />
              <SequencePoints>
                <SequencePoint vc="0" uspid="110" ordinal="0" offset="0" sl="177" sc="0" el="177" ec="0" bec="0" bev="0" fileid="1" />
                <SequencePoint vc="0" uspid="111" ordinal="0" offset="1" sl="177" sc="0" el="177" ec="0" bec="0" bev="0" fileid="1" />
                <SequencePoint vc="0" uspid="112" ordinal="0" offset="10" sl="177" sc="0" el="177" ec="0" bec="0" bev="0" fileid="1" />
              </SequencePoints>
              <BranchPoints />
            </Method>
            <Method visited="false" cyclomaticComplexity="0" nPathComplexity="0" sequenceCoverage="0.0" branchCoverage="0" crapScore="0" isConstructor="false" isStatic="false" isGetter="true" isSetter="false">
              <Summary numSequencePoints="3" visitedSequencePoints="0" numBranchPoints="0" visitedBranchPoints="0" sequenceCoverage="0.0" branchCoverage="0" maxCyclomaticComplexity="0" minCyclomaticComplexity="0" maxCrapScore="0" minCrapScore="0" visitedClasses="0" numClasses="0" visitedMethods="0" numMethods="1" />
              <MetadataToken>100663307</MetadataToken>
              <Name>UnityEngine.GUIStyle ReadmeEditor::get_BodyStyle()</Name>
              <FileRef uid="1" />
              <SequencePoints>
                <SequencePoint vc="0" uspid="113" ordinal="0" offset="0" sl="185" sc="0" el="185" ec="0" bec="0" bev="0" fileid="1" />
                <SequencePoint vc="0" uspid="114" ordinal="0" offset="1" sl="185" sc="0" el="185" ec="0" bec="0" bev="0" fileid="1" />
                <SequencePoint vc="0" uspid="115" ordinal="0" offset="10" sl="185" sc="0" el="185" ec="0" bec="0" bev="0" fileid="1" />
              </SequencePoints>
              <BranchPoints />
            </Method>
            <Method visited="false" cyclomaticComplexity="0" nPathComplexity="0" sequenceCoverage="0.0" branchCoverage="0" crapScore="0" isConstructor="false" isStatic="false" isGetter="true" isSetter="false">
              <Summary numSequencePoints="3" visitedSequencePoints="0" numBranchPoints="0" visitedBranchPoints="0" sequenceCoverage="0.0" branchCoverage="0" maxCyclomaticComplexity="0" minCyclomaticComplexity="0" maxCrapScore="0" minCrapScore="0" visitedClasses="0" numClasses="0" visitedMethods="0" numMethods="1" />
              <MetadataToken>100663308</MetadataToken>
              <Name>UnityEngine.GUIStyle ReadmeEditor::get_ButtonStyle()</Name>
              <FileRef uid="1" />
              <SequencePoints>
                <SequencePoint vc="0" uspid="116" ordinal="0" offset="0" sl="193" sc="0" el="193" ec="0" bec="0" bev="0" fileid="1" />
                <SequencePoint vc="0" uspid="117" ordinal="0" offset="1" sl="193" sc="0" el="193" ec="0" bec="0" bev="0" fileid="1" />
                <SequencePoint vc="0" uspid="118" ordinal="0" offset="10" sl="193" sc="0" el="193" ec="0" bec="0" bev="0" fileid="1" />
              </SequencePoints>
              <BranchPoints />
            </Method>
            <Method visited="false" cyclomaticComplexity="0" nPathComplexity="0" sequenceCoverage="0.0" branchCoverage="0" crapScore="0" isConstructor="false" isStatic="false" isGetter="false" isSetter="false">
              <Summary numSequencePoints="20" visitedSequencePoints="0" numBranchPoints="0" visitedBranchPoints="0" sequenceCoverage="0.0" branchCoverage="0" maxCyclomaticComplexity="0" minCyclomaticComplexity="0" maxCrapScore="0" minCrapScore="0" visitedClasses="0" numClasses="0" visitedMethods="0" numMethods="1" />
              <MetadataToken>100663309</MetadataToken>
              <Name>System.Void ReadmeEditor::Init()</Name>
              <FileRef uid="1" />
              <SequencePoints>
                <SequencePoint vc="0" uspid="119" ordinal="0" offset="0" sl="200" sc="0" el="200" ec="0" bec="0" bev="0" fileid="1" />
                <SequencePoint vc="0" uspid="120" ordinal="0" offset="1" sl="201" sc="0" el="201" ec="0" bec="0" bev="0" fileid="1" />
                <SequencePoint vc="0" uspid="121" ordinal="0" offset="11" sl="202" sc="0" el="202" ec="0" bec="0" bev="0" fileid="1" />
                <SequencePoint vc="0" uspid="122" ordinal="0" offset="16" sl="203" sc="0" el="203" ec="0" bec="0" bev="0" fileid="1" />
                <SequencePoint vc="0" uspid="123" ordinal="0" offset="32" sl="204" sc="0" el="204" ec="0" bec="0" bev="0" fileid="1" />
                <SequencePoint vc="0" uspid="124" ordinal="0" offset="45" sl="205" sc="0" el="205" ec="0" bec="0" bev="0" fileid="1" />
                <SequencePoint vc="0" uspid="125" ordinal="0" offset="59" sl="206" sc="0" el="206" ec="0" bec="0" bev="0" fileid="1" />
                <SequencePoint vc="0" uspid="126" ordinal="0" offset="72" sl="208" sc="0" el="208" ec="0" bec="0" bev="0" fileid="1" />
                <SequencePoint vc="0" uspid="127" ordinal="0" offset="89" sl="209" sc="0" el="209" ec="0" bec="0" bev="0" fileid="1" />
                <SequencePoint vc="0" uspid="128" ordinal="0" offset="103" sl="211" sc="0" el="211" ec="0" bec="0" bev="0" fileid="1" />
                <SequencePoint vc="0" uspid="129" ordinal="0" offset="120" sl="212" sc="0" el="212" ec="0" bec="0" bev="0" fileid="1" />
                <SequencePoint vc="0" uspid="130" ordinal="0" offset="133" sl="213" sc="0" el="213" ec="0" bec="0" bev="0" fileid="1" />
                <SequencePoint vc="0" uspid="131" ordinal="0" offset="147" sl="215" sc="0" el="215" ec="0" bec="0" bev="0" fileid="1" />
                <SequencePoint vc="0" uspid="132" ordinal="0" offset="164" sl="216" sc="0" el="216" ec="0" bec="0" bev="0" fileid="1" />
                <SequencePoint vc="0" uspid="133" ordinal="0" offset="177" sl="219" sc="0" el="219" ec="0" bec="0" bev="0" fileid="1" />
                <SequencePoint vc="0" uspid="134" ordinal="0" offset="219" sl="220" sc="0" el="220" ec="0" bec="0" bev="0" fileid="1" />
                <SequencePoint vc="0" uspid="135" ordinal="0" offset="232" sl="222" sc="0" el="222" ec="0" bec="0" bev="0" fileid="1" />
                <SequencePoint vc="0" uspid="136" ordinal="0" offset="248" sl="223" sc="0" el="223" ec="0" bec="0" bev="0" fileid="1" />
                <SequencePoint vc="0" uspid="137" ordinal="0" offset="261" sl="225" sc="0" el="225" ec="0" bec="0" bev="0" fileid="1" />
                <SequencePoint vc="0" uspid="138" ordinal="0" offset="268" sl="226" sc="0" el="226" ec="0" bec="0" bev="0" fileid="1" />
              </SequencePoints>
              <BranchPoints />
            </Method>
            <Method visited="false" cyclomaticComplexity="0" nPathComplexity="0" sequenceCoverage="0.0" branchCoverage="0" crapScore="0" isConstructor="false" isStatic="false" isGetter="false" isSetter="false">
              <Summary numSequencePoints="10" visitedSequencePoints="0" numBranchPoints="0" visitedBranchPoints="0" sequenceCoverage="0.0" branchCoverage="0" maxCyclomaticComplexity="0" minCyclomaticComplexity="0" maxCrapScore="0" minCrapScore="0" visitedClasses="0" numClasses="0" visitedMethods="0" numMethods="1" />
              <MetadataToken>100663310</MetadataToken>
              <Name>System.Boolean ReadmeEditor::LinkLabel(UnityEngine.GUIContent, UnityEngine.GUILayoutOption[])</Name>
              <FileRef uid="1" />
              <SequencePoints>
                <SequencePoint vc="0" uspid="139" ordinal="0" offset="0" sl="229" sc="0" el="229" ec="0" bec="0" bev="0" fileid="1" />
                <SequencePoint vc="0" uspid="140" ordinal="0" offset="1" sl="230" sc="0" el="230" ec="0" bec="0" bev="0" fileid="1" />
                <SequencePoint vc="0" uspid="141" ordinal="0" offset="15" sl="232" sc="0" el="232" ec="0" bec="0" bev="0" fileid="1" />
                <SequencePoint vc="0" uspid="142" ordinal="0" offset="21" sl="233" sc="0" el="233" ec="0" bec="0" bev="0" fileid="1" />
                <SequencePoint vc="0" uspid="143" ordinal="0" offset="43" sl="234" sc="0" el="234" ec="0" bec="0" bev="0" fileid="1" />
                <SequencePoint vc="0" uspid="144" ordinal="0" offset="87" sl="235" sc="0" el="235" ec="0" bec="0" bev="0" fileid="1" />
                <SequencePoint vc="0" uspid="145" ordinal="0" offset="98" sl="236" sc="0" el="236" ec="0" bec="0" bev="0" fileid="1" />
                <SequencePoint vc="0" uspid="146" ordinal="0" offset="104" sl="238" sc="0" el="238" ec="0" bec="0" bev="0" fileid="1" />
                <SequencePoint vc="0" uspid="147" ordinal="0" offset="112" sl="240" sc="0" el="240" ec="0" bec="0" bev="0" fileid="1" />
                <SequencePoint vc="0" uspid="148" ordinal="0" offset="128" sl="241" sc="0" el="241" ec="0" bec="0" bev="0" fileid="1" />
              </SequencePoints>
              <BranchPoints />
            </Method>
            <Method visited="false" cyclomaticComplexity="0" nPathComplexity="0" sequenceCoverage="0.0" branchCoverage="0" crapScore="0" isConstructor="true" isStatic="true" isGetter="false" isSetter="false">
              <Summary numSequencePoints="5" visitedSequencePoints="0" numBranchPoints="0" visitedBranchPoints="0" sequenceCoverage="0.0" branchCoverage="0" maxCyclomaticComplexity="0" minCyclomaticComplexity="0" maxCrapScore="0" minCrapScore="0" visitedClasses="0" numClasses="0" visitedMethods="0" numMethods="1" />
              <MetadataToken>100663297</MetadataToken>
              <Name>static ReadmeEditor::ReadmeEditor()</Name>
              <FileRef uid="1" />
              <SequencePoints>
                <SequencePoint vc="0" uspid="149" ordinal="0" offset="0" sl="13" sc="5" el="13" ec="5" bec="0" bev="0" fileid="1" />
                <SequencePoint vc="0" uspid="150" ordinal="0" offset="10" sl="15" sc="5" el="15" ec="5" bec="0" bev="0" fileid="1" />
                <SequencePoint vc="0" uspid="151" ordinal="0" offset="20" sl="20" sc="5" el="20" ec="5" bec="0" bev="0" fileid="1" />
                <SequencePoint vc="0" uspid="152" ordinal="0" offset="21" sl="21" sc="9" el="21" ec="9" bec="0" bev="0" fileid="1" />
                <SequencePoint vc="0" uspid="153" ordinal="0" offset="53" sl="22" sc="5" el="22" ec="5" bec="0" bev="0" fileid="1" />
              </SequencePoints>
              <BranchPoints />
            </Method>
          </Methods>
        </Class>
      </Classes>
    </Module>
    <Module>
      <Summary numSequencePoints="19" visitedSequencePoints="14" numBranchPoints="0" visitedBranchPoints="0" sequenceCoverage="73.68" branchCoverage="0.0" maxCyclomaticComplexity="0" minCyclomaticComplexity="0" maxCrapScore="0" minCrapScore="0" visitedClasses="1" numClasses="1" visitedMethods="3" numMethods="4" />
      <ModuleTime>0001-01-01T00:00:00</ModuleTime>
      <ModuleName>PlayMode</ModuleName>
      <Files>
        <File uid="2" fullPath="/Users/petarsimonovic/Library/Mobile Documents/com~apple~CloudDocs/Pete/Coding/Games/HiveCrash/Assets/Tests/Play Mode/BeeLauncherTests.cs" />
      </Files>
      <Classes>
        <Class>
          <Summary numSequencePoints="19" visitedSequencePoints="14" numBranchPoints="0" visitedBranchPoints="0" sequenceCoverage="73.68" branchCoverage="0.0" maxCyclomaticComplexity="0" minCyclomaticComplexity="0" maxCrapScore="0" minCrapScore="0" visitedClasses="1" numClasses="1" visitedMethods="3" numMethods="4" />
          <FullName>BeeLauncherTests</FullName>
          <Methods>
            <Method visited="true" cyclomaticComplexity="0" nPathComplexity="0" sequenceCoverage="100.0" branchCoverage="0" crapScore="0" isConstructor="false" isStatic="false" isGetter="false" isSetter="false">
              <Summary numSequencePoints="5" visitedSequencePoints="5" numBranchPoints="0" visitedBranchPoints="0" sequenceCoverage="100.0" branchCoverage="0" maxCyclomaticComplexity="0" minCyclomaticComplexity="0" maxCrapScore="0" minCrapScore="0" visitedClasses="0" numClasses="0" visitedMethods="1" numMethods="1" />
              <MetadataToken>100663297</MetadataToken>
              <Name>System.Void BeeLauncherTests::SetUp()</Name>
              <FileRef uid="2" />
              <SequencePoints>
                <SequencePoint vc="1" uspid="154" ordinal="0" offset="0" sl="15" sc="5" el="15" ec="5" bec="0" bev="0" fileid="2" />
                <SequencePoint vc="1" uspid="155" ordinal="0" offset="1" sl="16" sc="9" el="16" ec="9" bec="0" bev="0" fileid="2" />
                <SequencePoint vc="1" uspid="156" ordinal="0" offset="12" sl="17" sc="9" el="17" ec="9" bec="0" bev="0" fileid="2" />
                <SequencePoint vc="1" uspid="157" ordinal="0" offset="33" sl="18" sc="9" el="18" ec="9" bec="0" bev="0" fileid="2" />
                <SequencePoint vc="1" uspid="158" ordinal="0" offset="50" sl="19" sc="5" el="19" ec="5" bec="0" bev="0" fileid="2" />
              </SequencePoints>
              <BranchPoints />
            </Method>
            <Method visited="true" cyclomaticComplexity="0" nPathComplexity="0" sequenceCoverage="100.0" branchCoverage="0" crapScore="0" isConstructor="false" isStatic="false" isGetter="false" isSetter="false">
              <Summary numSequencePoints="3" visitedSequencePoints="3" numBranchPoints="0" visitedBranchPoints="0" sequenceCoverage="100.0" branchCoverage="0" maxCyclomaticComplexity="0" minCyclomaticComplexity="0" maxCrapScore="0" minCrapScore="0" visitedClasses="0" numClasses="0" visitedMethods="1" numMethods="1" />
              <MetadataToken>100663298</MetadataToken>
              <Name>System.Void BeeLauncherTests::Teardown()</Name>
              <FileRef uid="2" />
              <SequencePoints>
                <SequencePoint vc="1" uspid="159" ordinal="0" offset="0" sl="23" sc="5" el="23" ec="5" bec="0" bev="0" fileid="2" />
                <SequencePoint vc="1" uspid="160" ordinal="0" offset="1" sl="24" sc="9" el="24" ec="9" bec="0" bev="0" fileid="2" />
                <SequencePoint vc="1" uspid="161" ordinal="0" offset="13" sl="25" sc="5" el="25" ec="5" bec="0" bev="0" fileid="2" />
              </SequencePoints>
              <BranchPoints />
            </Method>
            <Method visited="false" cyclomaticComplexity="0" nPathComplexity="0" sequenceCoverage="0.0" branchCoverage="0" crapScore="0" isConstructor="false" isStatic="false" isGetter="false" isSetter="false">
              <Summary numSequencePoints="5" visitedSequencePoints="0" numBranchPoints="0" visitedBranchPoints="0" sequenceCoverage="0.0" branchCoverage="0" maxCyclomaticComplexity="0" minCyclomaticComplexity="0" maxCrapScore="0" minCrapScore="0" visitedClasses="0" numClasses="0" visitedMethods="0" numMethods="1" />
              <MetadataToken>100663299</MetadataToken>
              <Name>System.Void BeeLauncherTests::ItCanLoadABee()</Name>
              <FileRef uid="2" />
              <SequencePoints>
                <SequencePoint vc="0" uspid="162" ordinal="0" offset="0" sl="30" sc="0" el="30" ec="0" bec="0" bev="0" fileid="2" />
                <SequencePoint vc="0" uspid="163" ordinal="0" offset="1" sl="32" sc="0" el="32" ec="0" bec="0" bev="0" fileid="2" />
                <SequencePoint vc="0" uspid="164" ordinal="0" offset="18" sl="33" sc="0" el="33" ec="0" bec="0" bev="0" fileid="2" />
                <SequencePoint vc="0" uspid="165" ordinal="0" offset="36" sl="34" sc="0" el="34" ec="0" bec="0" bev="0" fileid="2" />
                <SequencePoint vc="0" uspid="166" ordinal="0" offset="53" sl="35" sc="0" el="35" ec="0" bec="0" bev="0" fileid="2" />
              </SequencePoints>
              <BranchPoints />
            </Method>
            <Method visited="true" cyclomaticComplexity="0" nPathComplexity="0" sequenceCoverage="100.0" branchCoverage="0" crapScore="0" isConstructor="false" isStatic="false" isGetter="false" isSetter="false">
              <Summary numSequencePoints="6" visitedSequencePoints="6" numBranchPoints="0" visitedBranchPoints="0" sequenceCoverage="100.0" branchCoverage="0" maxCyclomaticComplexity="0" minCyclomaticComplexity="0" maxCrapScore="0" minCrapScore="0" visitedClasses="0" numClasses="0" visitedMethods="1" numMethods="1" />
              <MetadataToken>100663300</MetadataToken>
              <Name>System.Void BeeLauncherTests::ItCanSetItsLaunchPositionAndAdjustsForYPositionLock()</Name>
              <FileRef uid="2" />
              <SequencePoints>
                <SequencePoint vc="1" uspid="167" ordinal="0" offset="0" sl="40" sc="5" el="40" ec="5" bec="0" bev="0" fileid="2" />
                <SequencePoint vc="1" uspid="168" ordinal="0" offset="1" sl="41" sc="9" el="41" ec="9" bec="0" bev="0" fileid="2" />
                <SequencePoint vc="1" uspid="169" ordinal="0" offset="23" sl="42" sc="9" el="42" ec="9" bec="0" bev="0" fileid="2" />
                <SequencePoint vc="1" uspid="170" ordinal="0" offset="60" sl="43" sc="9" el="43" ec="9" bec="0" bev="0" fileid="2" />
                <SequencePoint vc="1" uspid="171" ordinal="0" offset="73" sl="44" sc="9" el="44" ec="9" bec="0" bev="0" fileid="2" />
                <SequencePoint vc="1" uspid="172" ordinal="0" offset="101" sl="45" sc="5" el="45" ec="5" bec="0" bev="0" fileid="2" />
              </SequencePoints>
              <BranchPoints />
            </Method>
          </Methods>
        </Class>
      </Classes>
    </Module>
    <Module>
      <Summary numSequencePoints="894" visitedSequencePoints="26" numBranchPoints="0" visitedBranchPoints="0" sequenceCoverage="2.91" branchCoverage="0.0" maxCyclomaticComplexity="0" minCyclomaticComplexity="0" maxCrapScore="0" minCrapScore="0" visitedClasses="3" numClasses="22" visitedMethods="6" numMethods="174" />
      <ModuleTime>0001-01-01T00:00:00</ModuleTime>
      <ModuleName>Scripts</ModuleName>
      <Files>
        <File uid="3" fullPath="/Users/petarsimonovic/Library/Mobile Documents/com~apple~CloudDocs/Pete/Coding/Games/HiveCrash/Assets/Scripts/Bees/Bee.cs" />
        <File uid="4" fullPath="/Users/petarsimonovic/Library/Mobile Documents/com~apple~CloudDocs/Pete/Coding/Games/HiveCrash/Assets/Scripts/Bees/BeeBody.cs" />
        <File uid="5" fullPath="/Users/petarsimonovic/Library/Mobile Documents/com~apple~CloudDocs/Pete/Coding/Games/HiveCrash/Assets/Scripts/Bees/BeeLaunchers/BeeLauncher.cs" />
        <File uid="6" fullPath="/Users/petarsimonovic/Library/Mobile Documents/com~apple~CloudDocs/Pete/Coding/Games/HiveCrash/Assets/Scripts/Bees/BeeLaunchers/EnemyBeeLauncher.cs" />
        <File uid="7" fullPath="/Users/petarsimonovic/Library/Mobile Documents/com~apple~CloudDocs/Pete/Coding/Games/HiveCrash/Assets/Scripts/Bees/BeeLaunchers/PlayerBeeLauncher.cs" />
        <File uid="8" fullPath="/Users/petarsimonovic/Library/Mobile Documents/com~apple~CloudDocs/Pete/Coding/Games/HiveCrash/Assets/Scripts/Bees/ScopeBee.cs" />
        <File uid="9" fullPath="/Users/petarsimonovic/Library/Mobile Documents/com~apple~CloudDocs/Pete/Coding/Games/HiveCrash/Assets/Scripts/Camera Controllers/CameraController.cs" />
        <File uid="10" fullPath="/Users/petarsimonovic/Library/Mobile Documents/com~apple~CloudDocs/Pete/Coding/Games/HiveCrash/Assets/Scripts/Camera Controllers/CameraPivot.cs" />
        <File uid="11" fullPath="/Users/petarsimonovic/Library/Mobile Documents/com~apple~CloudDocs/Pete/Coding/Games/HiveCrash/Assets/Scripts/Flowers/Flower.cs" />
        <File uid="12" fullPath="/Users/petarsimonovic/Library/Mobile Documents/com~apple~CloudDocs/Pete/Coding/Games/HiveCrash/Assets/Scripts/Flowers/FlowerAnimator.cs" />
        <File uid="13" fullPath="/Users/petarsimonovic/Library/Mobile Documents/com~apple~CloudDocs/Pete/Coding/Games/HiveCrash/Assets/Scripts/Game Controllers/BeeController.cs" />
        <File uid="14" fullPath="/Users/petarsimonovic/Library/Mobile Documents/com~apple~CloudDocs/Pete/Coding/Games/HiveCrash/Assets/Scripts/Game Controllers/EnemyController.cs" />
        <File uid="15" fullPath="/Users/petarsimonovic/Library/Mobile Documents/com~apple~CloudDocs/Pete/Coding/Games/HiveCrash/Assets/Scripts/Game Controllers/FlowerController.cs" />
        <File uid="16" fullPath="/Users/petarsimonovic/Library/Mobile Documents/com~apple~CloudDocs/Pete/Coding/Games/HiveCrash/Assets/Scripts/Game Controllers/GameController.cs" />
        <File uid="17" fullPath="/Users/petarsimonovic/Library/Mobile Documents/com~apple~CloudDocs/Pete/Coding/Games/HiveCrash/Assets/Scripts/Hives/Hive.cs" />
        <File uid="18" fullPath="/Users/petarsimonovic/Library/Mobile Documents/com~apple~CloudDocs/Pete/Coding/Games/HiveCrash/Assets/Scripts/Tiles/ColliderTile.cs" />
        <File uid="19" fullPath="/Users/petarsimonovic/Library/Mobile Documents/com~apple~CloudDocs/Pete/Coding/Games/HiveCrash/Assets/Scripts/Tiles/EnemyHiveTile.cs" />
        <File uid="20" fullPath="/Users/petarsimonovic/Library/Mobile Documents/com~apple~CloudDocs/Pete/Coding/Games/HiveCrash/Assets/Scripts/Tiles/MapCreator.cs" />
        <File uid="21" fullPath="/Users/petarsimonovic/Library/Mobile Documents/com~apple~CloudDocs/Pete/Coding/Games/HiveCrash/Assets/Scripts/Tiles/Tile.cs" />
        <File uid="22" fullPath="/Users/petarsimonovic/Library/Mobile Documents/com~apple~CloudDocs/Pete/Coding/Games/HiveCrash/Assets/Scripts/Tools/BeeNamer.cs" />
        <File uid="23" fullPath="/Users/petarsimonovic/Library/Mobile Documents/com~apple~CloudDocs/Pete/Coding/Games/HiveCrash/Assets/Scripts/Tools/Timer.cs" />
      </Files>
      <Classes>
        <Class>
          <Summary numSequencePoints="78" visitedSequencePoints="10" numBranchPoints="0" visitedBranchPoints="0" sequenceCoverage="12.82" branchCoverage="0.0" maxCyclomaticComplexity="0" minCyclomaticComplexity="0" maxCrapScore="0" minCrapScore="0" visitedClasses="1" numClasses="1" visitedMethods="1" numMethods="20" />
          <FullName>Bee</FullName>
          <Methods>
            <Method visited="false" cyclomaticComplexity="0" nPathComplexity="0" sequenceCoverage="0.0" branchCoverage="0" crapScore="0" isConstructor="false" isStatic="false" isGetter="false" isSetter="false">
              <Summary numSequencePoints="3" visitedSequencePoints="0" numBranchPoints="0" visitedBranchPoints="0" sequenceCoverage="0.0" branchCoverage="0" maxCyclomaticComplexity="0" minCyclomaticComplexity="0" maxCrapScore="0" minCrapScore="0" visitedClasses="0" numClasses="0" visitedMethods="0" numMethods="1" />
              <MetadataToken>100663299</MetadataToken>
              <Name>Timer Bee::GetTimer()</Name>
              <FileRef uid="3" />
              <SequencePoints>
                <SequencePoint vc="0" uspid="173" ordinal="0" offset="0" sl="47" sc="0" el="47" ec="0" bec="0" bev="0" fileid="3" />
                <SequencePoint vc="0" uspid="174" ordinal="0" offset="1" sl="48" sc="0" el="48" ec="0" bec="0" bev="0" fileid="3" />
                <SequencePoint vc="0" uspid="175" ordinal="0" offset="10" sl="49" sc="0" el="49" ec="0" bec="0" bev="0" fileid="3" />
              </SequencePoints>
              <BranchPoints />
            </Method>
            <Method visited="false" cyclomaticComplexity="0" nPathComplexity="0" sequenceCoverage="0.0" branchCoverage="0" crapScore="0" isConstructor="false" isStatic="false" isGetter="false" isSetter="false">
              <Summary numSequencePoints="3" visitedSequencePoints="0" numBranchPoints="0" visitedBranchPoints="0" sequenceCoverage="0.0" branchCoverage="0" maxCyclomaticComplexity="0" minCyclomaticComplexity="0" maxCrapScore="0" minCrapScore="0" visitedClasses="0" numClasses="0" visitedMethods="0" numMethods="1" />
              <MetadataToken>100663300</MetadataToken>
              <Name>System.String Bee::GetHiveId()</Name>
              <FileRef uid="3" />
              <SequencePoints>
                <SequencePoint vc="0" uspid="176" ordinal="0" offset="0" sl="53" sc="0" el="53" ec="0" bec="0" bev="0" fileid="3" />
                <SequencePoint vc="0" uspid="177" ordinal="0" offset="1" sl="54" sc="0" el="54" ec="0" bec="0" bev="0" fileid="3" />
                <SequencePoint vc="0" uspid="178" ordinal="0" offset="10" sl="55" sc="0" el="55" ec="0" bec="0" bev="0" fileid="3" />
              </SequencePoints>
              <BranchPoints />
            </Method>
            <Method visited="false" cyclomaticComplexity="0" nPathComplexity="0" sequenceCoverage="0.0" branchCoverage="0" crapScore="0" isConstructor="false" isStatic="false" isGetter="false" isSetter="false">
              <Summary numSequencePoints="3" visitedSequencePoints="0" numBranchPoints="0" visitedBranchPoints="0" sequenceCoverage="0.0" branchCoverage="0" maxCyclomaticComplexity="0" minCyclomaticComplexity="0" maxCrapScore="0" minCrapScore="0" visitedClasses="0" numClasses="0" visitedMethods="0" numMethods="1" />
              <MetadataToken>100663301</MetadataToken>
              <Name>System.Boolean Bee::IsInHive()</Name>
              <FileRef uid="3" />
              <SequencePoints>
                <SequencePoint vc="0" uspid="179" ordinal="0" offset="0" sl="58" sc="0" el="58" ec="0" bec="0" bev="0" fileid="3" />
                <SequencePoint vc="0" uspid="180" ordinal="0" offset="1" sl="59" sc="0" el="59" ec="0" bec="0" bev="0" fileid="3" />
                <SequencePoint vc="0" uspid="181" ordinal="0" offset="10" sl="60" sc="0" el="60" ec="0" bec="0" bev="0" fileid="3" />
              </SequencePoints>
              <BranchPoints />
            </Method>
            <Method visited="false" cyclomaticComplexity="0" nPathComplexity="0" sequenceCoverage="0.0" branchCoverage="0" crapScore="0" isConstructor="false" isStatic="false" isGetter="false" isSetter="false">
              <Summary numSequencePoints="3" visitedSequencePoints="0" numBranchPoints="0" visitedBranchPoints="0" sequenceCoverage="0.0" branchCoverage="0" maxCyclomaticComplexity="0" minCyclomaticComplexity="0" maxCrapScore="0" minCrapScore="0" visitedClasses="0" numClasses="0" visitedMethods="0" numMethods="1" />
              <MetadataToken>100663302</MetadataToken>
              <Name>System.Void Bee::Fly()</Name>
              <FileRef uid="3" />
              <SequencePoints>
                <SequencePoint vc="0" uspid="182" ordinal="0" offset="0" sl="63" sc="0" el="63" ec="0" bec="0" bev="0" fileid="3" />
                <SequencePoint vc="0" uspid="183" ordinal="0" offset="1" sl="64" sc="0" el="64" ec="0" bec="0" bev="0" fileid="3" />
                <SequencePoint vc="0" uspid="184" ordinal="0" offset="8" sl="65" sc="0" el="65" ec="0" bec="0" bev="0" fileid="3" />
              </SequencePoints>
              <BranchPoints />
            </Method>
            <Method visited="false" cyclomaticComplexity="0" nPathComplexity="0" sequenceCoverage="0.0" branchCoverage="0" crapScore="0" isConstructor="false" isStatic="false" isGetter="false" isSetter="false">
              <Summary numSequencePoints="3" visitedSequencePoints="0" numBranchPoints="0" visitedBranchPoints="0" sequenceCoverage="0.0" branchCoverage="0" maxCyclomaticComplexity="0" minCyclomaticComplexity="0" maxCrapScore="0" minCrapScore="0" visitedClasses="0" numClasses="0" visitedMethods="0" numMethods="1" />
              <MetadataToken>100663303</MetadataToken>
              <Name>System.Void Bee::EnterHive()</Name>
              <FileRef uid="3" />
              <SequencePoints>
                <SequencePoint vc="0" uspid="185" ordinal="0" offset="0" sl="68" sc="0" el="68" ec="0" bec="0" bev="0" fileid="3" />
                <SequencePoint vc="0" uspid="186" ordinal="0" offset="1" sl="69" sc="0" el="69" ec="0" bec="0" bev="0" fileid="3" />
                <SequencePoint vc="0" uspid="187" ordinal="0" offset="8" sl="70" sc="0" el="70" ec="0" bec="0" bev="0" fileid="3" />
              </SequencePoints>
              <BranchPoints />
            </Method>
            <Method visited="false" cyclomaticComplexity="0" nPathComplexity="0" sequenceCoverage="0.0" branchCoverage="0" crapScore="0" isConstructor="false" isStatic="false" isGetter="false" isSetter="false">
              <Summary numSequencePoints="3" visitedSequencePoints="0" numBranchPoints="0" visitedBranchPoints="0" sequenceCoverage="0.0" branchCoverage="0" maxCyclomaticComplexity="0" minCyclomaticComplexity="0" maxCrapScore="0" minCrapScore="0" visitedClasses="0" numClasses="0" visitedMethods="0" numMethods="1" />
              <MetadataToken>100663304</MetadataToken>
              <Name>System.Void Bee::SetBody(UnityEngine.GameObject)</Name>
              <FileRef uid="3" />
              <SequencePoints>
                <SequencePoint vc="0" uspid="188" ordinal="0" offset="0" sl="73" sc="0" el="73" ec="0" bec="0" bev="0" fileid="3" />
                <SequencePoint vc="0" uspid="189" ordinal="0" offset="1" sl="74" sc="0" el="74" ec="0" bec="0" bev="0" fileid="3" />
                <SequencePoint vc="0" uspid="190" ordinal="0" offset="8" sl="75" sc="0" el="75" ec="0" bec="0" bev="0" fileid="3" />
              </SequencePoints>
              <BranchPoints />
            </Method>
            <Method visited="false" cyclomaticComplexity="0" nPathComplexity="0" sequenceCoverage="0.0" branchCoverage="0" crapScore="0" isConstructor="false" isStatic="false" isGetter="false" isSetter="false">
              <Summary numSequencePoints="3" visitedSequencePoints="0" numBranchPoints="0" visitedBranchPoints="0" sequenceCoverage="0.0" branchCoverage="0" maxCyclomaticComplexity="0" minCyclomaticComplexity="0" maxCrapScore="0" minCrapScore="0" visitedClasses="0" numClasses="0" visitedMethods="0" numMethods="1" />
              <MetadataToken>100663305</MetadataToken>
              <Name>UnityEngine.GameObject Bee::GetBody()</Name>
              <FileRef uid="3" />
              <SequencePoints>
                <SequencePoint vc="0" uspid="191" ordinal="0" offset="0" sl="78" sc="0" el="78" ec="0" bec="0" bev="0" fileid="3" />
                <SequencePoint vc="0" uspid="192" ordinal="0" offset="1" sl="79" sc="0" el="79" ec="0" bec="0" bev="0" fileid="3" />
                <SequencePoint vc="0" uspid="193" ordinal="0" offset="10" sl="80" sc="0" el="80" ec="0" bec="0" bev="0" fileid="3" />
              </SequencePoints>
              <BranchPoints />
            </Method>
            <Method visited="false" cyclomaticComplexity="0" nPathComplexity="0" sequenceCoverage="0.0" branchCoverage="0" crapScore="0" isConstructor="false" isStatic="false" isGetter="false" isSetter="false">
              <Summary numSequencePoints="3" visitedSequencePoints="0" numBranchPoints="0" visitedBranchPoints="0" sequenceCoverage="0.0" branchCoverage="0" maxCyclomaticComplexity="0" minCyclomaticComplexity="0" maxCrapScore="0" minCrapScore="0" visitedClasses="0" numClasses="0" visitedMethods="0" numMethods="1" />
              <MetadataToken>100663306</MetadataToken>
              <Name>System.Void Bee::AddPollen()</Name>
              <FileRef uid="3" />
              <SequencePoints>
                <SequencePoint vc="0" uspid="194" ordinal="0" offset="0" sl="83" sc="0" el="83" ec="0" bec="0" bev="0" fileid="3" />
                <SequencePoint vc="0" uspid="195" ordinal="0" offset="1" sl="84" sc="0" el="84" ec="0" bec="0" bev="0" fileid="3" />
                <SequencePoint vc="0" uspid="196" ordinal="0" offset="20" sl="85" sc="0" el="85" ec="0" bec="0" bev="0" fileid="3" />
              </SequencePoints>
              <BranchPoints />
            </Method>
            <Method visited="false" cyclomaticComplexity="0" nPathComplexity="0" sequenceCoverage="0.0" branchCoverage="0" crapScore="0" isConstructor="false" isStatic="false" isGetter="false" isSetter="false">
              <Summary numSequencePoints="3" visitedSequencePoints="0" numBranchPoints="0" visitedBranchPoints="0" sequenceCoverage="0.0" branchCoverage="0" maxCyclomaticComplexity="0" minCyclomaticComplexity="0" maxCrapScore="0" minCrapScore="0" visitedClasses="0" numClasses="0" visitedMethods="0" numMethods="1" />
              <MetadataToken>100663307</MetadataToken>
              <Name>System.Int32 Bee::GetPollen()</Name>
              <FileRef uid="3" />
              <SequencePoints>
                <SequencePoint vc="0" uspid="197" ordinal="0" offset="0" sl="88" sc="0" el="88" ec="0" bec="0" bev="0" fileid="3" />
                <SequencePoint vc="0" uspid="198" ordinal="0" offset="1" sl="89" sc="0" el="89" ec="0" bec="0" bev="0" fileid="3" />
                <SequencePoint vc="0" uspid="199" ordinal="0" offset="10" sl="90" sc="0" el="90" ec="0" bec="0" bev="0" fileid="3" />
              </SequencePoints>
              <BranchPoints />
            </Method>
            <Method visited="false" cyclomaticComplexity="0" nPathComplexity="0" sequenceCoverage="0.0" branchCoverage="0" crapScore="0" isConstructor="false" isStatic="false" isGetter="false" isSetter="false">
              <Summary numSequencePoints="3" visitedSequencePoints="0" numBranchPoints="0" visitedBranchPoints="0" sequenceCoverage="0.0" branchCoverage="0" maxCyclomaticComplexity="0" minCyclomaticComplexity="0" maxCrapScore="0" minCrapScore="0" visitedClasses="0" numClasses="0" visitedMethods="0" numMethods="1" />
              <MetadataToken>100663308</MetadataToken>
              <Name>System.Void Bee::RemoveAllPollen()</Name>
              <FileRef uid="3" />
              <SequencePoints>
                <SequencePoint vc="0" uspid="200" ordinal="0" offset="0" sl="93" sc="0" el="93" ec="0" bec="0" bev="0" fileid="3" />
                <SequencePoint vc="0" uspid="201" ordinal="0" offset="1" sl="94" sc="0" el="94" ec="0" bec="0" bev="0" fileid="3" />
                <SequencePoint vc="0" uspid="202" ordinal="0" offset="8" sl="95" sc="0" el="95" ec="0" bec="0" bev="0" fileid="3" />
              </SequencePoints>
              <BranchPoints />
            </Method>
            <Method visited="false" cyclomaticComplexity="0" nPathComplexity="0" sequenceCoverage="0.0" branchCoverage="0" crapScore="0" isConstructor="false" isStatic="false" isGetter="false" isSetter="false">
              <Summary numSequencePoints="3" visitedSequencePoints="0" numBranchPoints="0" visitedBranchPoints="0" sequenceCoverage="0.0" branchCoverage="0" maxCyclomaticComplexity="0" minCyclomaticComplexity="0" maxCrapScore="0" minCrapScore="0" visitedClasses="0" numClasses="0" visitedMethods="0" numMethods="1" />
              <MetadataToken>100663309</MetadataToken>
              <Name>System.Boolean Bee::IsHungry()</Name>
              <FileRef uid="3" />
              <SequencePoints>
                <SequencePoint vc="0" uspid="203" ordinal="0" offset="0" sl="98" sc="0" el="98" ec="0" bec="0" bev="0" fileid="3" />
                <SequencePoint vc="0" uspid="204" ordinal="0" offset="1" sl="99" sc="0" el="99" ec="0" bec="0" bev="0" fileid="3" />
                <SequencePoint vc="0" uspid="205" ordinal="0" offset="10" sl="100" sc="0" el="100" ec="0" bec="0" bev="0" fileid="3" />
              </SequencePoints>
              <BranchPoints />
            </Method>
            <Method visited="false" cyclomaticComplexity="0" nPathComplexity="0" sequenceCoverage="0.0" branchCoverage="0" crapScore="0" isConstructor="false" isStatic="false" isGetter="false" isSetter="false">
              <Summary numSequencePoints="3" visitedSequencePoints="0" numBranchPoints="0" visitedBranchPoints="0" sequenceCoverage="0.0" branchCoverage="0" maxCyclomaticComplexity="0" minCyclomaticComplexity="0" maxCrapScore="0" minCrapScore="0" visitedClasses="0" numClasses="0" visitedMethods="0" numMethods="1" />
              <MetadataToken>100663310</MetadataToken>
              <Name>System.Void Bee::RestartHungerTimer()</Name>
              <FileRef uid="3" />
              <SequencePoints>
                <SequencePoint vc="0" uspid="206" ordinal="0" offset="0" sl="103" sc="0" el="103" ec="0" bec="0" bev="0" fileid="3" />
                <SequencePoint vc="0" uspid="207" ordinal="0" offset="1" sl="104" sc="0" el="104" ec="0" bec="0" bev="0" fileid="3" />
                <SequencePoint vc="0" uspid="208" ordinal="0" offset="13" sl="105" sc="0" el="105" ec="0" bec="0" bev="0" fileid="3" />
              </SequencePoints>
              <BranchPoints />
            </Method>
            <Method visited="false" cyclomaticComplexity="0" nPathComplexity="0" sequenceCoverage="0.0" branchCoverage="0" crapScore="0" isConstructor="false" isStatic="false" isGetter="false" isSetter="false">
              <Summary numSequencePoints="3" visitedSequencePoints="0" numBranchPoints="0" visitedBranchPoints="0" sequenceCoverage="0.0" branchCoverage="0" maxCyclomaticComplexity="0" minCyclomaticComplexity="0" maxCrapScore="0" minCrapScore="0" visitedClasses="0" numClasses="0" visitedMethods="0" numMethods="1" />
              <MetadataToken>100663311</MetadataToken>
              <Name>System.Void Bee::SetHunger(System.Boolean)</Name>
              <FileRef uid="3" />
              <SequencePoints>
                <SequencePoint vc="0" uspid="209" ordinal="0" offset="0" sl="108" sc="0" el="108" ec="0" bec="0" bev="0" fileid="3" />
                <SequencePoint vc="0" uspid="210" ordinal="0" offset="1" sl="109" sc="0" el="109" ec="0" bec="0" bev="0" fileid="3" />
                <SequencePoint vc="0" uspid="211" ordinal="0" offset="8" sl="110" sc="0" el="110" ec="0" bec="0" bev="0" fileid="3" />
              </SequencePoints>
              <BranchPoints />
            </Method>
            <Method visited="false" cyclomaticComplexity="0" nPathComplexity="0" sequenceCoverage="0.0" branchCoverage="0" crapScore="0" isConstructor="false" isStatic="false" isGetter="false" isSetter="false">
              <Summary numSequencePoints="3" visitedSequencePoints="0" numBranchPoints="0" visitedBranchPoints="0" sequenceCoverage="0.0" branchCoverage="0" maxCyclomaticComplexity="0" minCyclomaticComplexity="0" maxCrapScore="0" minCrapScore="0" visitedClasses="0" numClasses="0" visitedMethods="0" numMethods="1" />
              <MetadataToken>100663312</MetadataToken>
              <Name>System.Int32 Bee::GetAppetite()</Name>
              <FileRef uid="3" />
              <SequencePoints>
                <SequencePoint vc="0" uspid="212" ordinal="0" offset="0" sl="113" sc="0" el="113" ec="0" bec="0" bev="0" fileid="3" />
                <SequencePoint vc="0" uspid="213" ordinal="0" offset="1" sl="114" sc="0" el="114" ec="0" bec="0" bev="0" fileid="3" />
                <SequencePoint vc="0" uspid="214" ordinal="0" offset="10" sl="115" sc="0" el="115" ec="0" bec="0" bev="0" fileid="3" />
              </SequencePoints>
              <BranchPoints />
            </Method>
            <Method visited="false" cyclomaticComplexity="0" nPathComplexity="0" sequenceCoverage="0.0" branchCoverage="0" crapScore="0" isConstructor="false" isStatic="false" isGetter="false" isSetter="false">
              <Summary numSequencePoints="3" visitedSequencePoints="0" numBranchPoints="0" visitedBranchPoints="0" sequenceCoverage="0.0" branchCoverage="0" maxCyclomaticComplexity="0" minCyclomaticComplexity="0" maxCrapScore="0" minCrapScore="0" visitedClasses="0" numClasses="0" visitedMethods="0" numMethods="1" />
              <MetadataToken>100663313</MetadataToken>
              <Name>System.Void Bee::ReduceHealth()</Name>
              <FileRef uid="3" />
              <SequencePoints>
                <SequencePoint vc="0" uspid="215" ordinal="0" offset="0" sl="118" sc="0" el="118" ec="0" bec="0" bev="0" fileid="3" />
                <SequencePoint vc="0" uspid="216" ordinal="0" offset="1" sl="119" sc="0" el="119" ec="0" bec="0" bev="0" fileid="3" />
                <SequencePoint vc="0" uspid="217" ordinal="0" offset="15" sl="120" sc="0" el="120" ec="0" bec="0" bev="0" fileid="3" />
              </SequencePoints>
              <BranchPoints />
            </Method>
            <Method visited="false" cyclomaticComplexity="0" nPathComplexity="0" sequenceCoverage="0.0" branchCoverage="0" crapScore="0" isConstructor="false" isStatic="false" isGetter="false" isSetter="false">
              <Summary numSequencePoints="3" visitedSequencePoints="0" numBranchPoints="0" visitedBranchPoints="0" sequenceCoverage="0.0" branchCoverage="0" maxCyclomaticComplexity="0" minCyclomaticComplexity="0" maxCrapScore="0" minCrapScore="0" visitedClasses="0" numClasses="0" visitedMethods="0" numMethods="1" />
              <MetadataToken>100663314</MetadataToken>
              <Name>System.Void Bee::IncreaseHealth()</Name>
              <FileRef uid="3" />
              <SequencePoints>
                <SequencePoint vc="0" uspid="218" ordinal="0" offset="0" sl="123" sc="0" el="123" ec="0" bec="0" bev="0" fileid="3" />
                <SequencePoint vc="0" uspid="219" ordinal="0" offset="1" sl="124" sc="0" el="124" ec="0" bec="0" bev="0" fileid="3" />
                <SequencePoint vc="0" uspid="220" ordinal="0" offset="15" sl="125" sc="0" el="125" ec="0" bec="0" bev="0" fileid="3" />
              </SequencePoints>
              <BranchPoints />
            </Method>
            <Method visited="false" cyclomaticComplexity="0" nPathComplexity="0" sequenceCoverage="0.0" branchCoverage="0" crapScore="0" isConstructor="false" isStatic="false" isGetter="false" isSetter="false">
              <Summary numSequencePoints="3" visitedSequencePoints="0" numBranchPoints="0" visitedBranchPoints="0" sequenceCoverage="0.0" branchCoverage="0" maxCyclomaticComplexity="0" minCyclomaticComplexity="0" maxCrapScore="0" minCrapScore="0" visitedClasses="0" numClasses="0" visitedMethods="0" numMethods="1" />
              <MetadataToken>100663315</MetadataToken>
              <Name>System.String Bee::GetName()</Name>
              <FileRef uid="3" />
              <SequencePoints>
                <SequencePoint vc="0" uspid="221" ordinal="0" offset="0" sl="128" sc="0" el="128" ec="0" bec="0" bev="0" fileid="3" />
                <SequencePoint vc="0" uspid="222" ordinal="0" offset="1" sl="129" sc="0" el="129" ec="0" bec="0" bev="0" fileid="3" />
                <SequencePoint vc="0" uspid="223" ordinal="0" offset="10" sl="130" sc="0" el="130" ec="0" bec="0" bev="0" fileid="3" />
              </SequencePoints>
              <BranchPoints />
            </Method>
            <Method visited="false" cyclomaticComplexity="0" nPathComplexity="0" sequenceCoverage="0.0" branchCoverage="0" crapScore="0" isConstructor="false" isStatic="false" isGetter="false" isSetter="false">
              <Summary numSequencePoints="3" visitedSequencePoints="0" numBranchPoints="0" visitedBranchPoints="0" sequenceCoverage="0.0" branchCoverage="0" maxCyclomaticComplexity="0" minCyclomaticComplexity="0" maxCrapScore="0" minCrapScore="0" visitedClasses="0" numClasses="0" visitedMethods="0" numMethods="1" />
              <MetadataToken>100663316</MetadataToken>
              <Name>System.Int32 Bee::GetHealth()</Name>
              <FileRef uid="3" />
              <SequencePoints>
                <SequencePoint vc="0" uspid="224" ordinal="0" offset="0" sl="133" sc="0" el="133" ec="0" bec="0" bev="0" fileid="3" />
                <SequencePoint vc="0" uspid="225" ordinal="0" offset="1" sl="134" sc="0" el="134" ec="0" bec="0" bev="0" fileid="3" />
                <SequencePoint vc="0" uspid="226" ordinal="0" offset="10" sl="135" sc="0" el="135" ec="0" bec="0" bev="0" fileid="3" />
              </SequencePoints>
              <BranchPoints />
            </Method>
            <Method visited="true" cyclomaticComplexity="0" nPathComplexity="0" sequenceCoverage="100.0" branchCoverage="0" crapScore="0" isConstructor="true" isStatic="false" isGetter="false" isSetter="false">
              <Summary numSequencePoints="10" visitedSequencePoints="10" numBranchPoints="0" visitedBranchPoints="0" sequenceCoverage="100.0" branchCoverage="0" maxCyclomaticComplexity="0" minCyclomaticComplexity="0" maxCrapScore="0" minCrapScore="0" visitedClasses="0" numClasses="0" visitedMethods="1" numMethods="1" />
              <MetadataToken>100663297</MetadataToken>
              <Name>Bee::Bee(System.String)</Name>
              <FileRef uid="3" />
              <SequencePoints>
                <SequencePoint vc="1" uspid="227" ordinal="0" offset="0" sl="10" sc="5" el="10" ec="5" bec="0" bev="0" fileid="3" />
                <SequencePoint vc="1" uspid="228" ordinal="0" offset="7" sl="14" sc="5" el="14" ec="5" bec="0" bev="0" fileid="3" />
                <SequencePoint vc="1" uspid="229" ordinal="0" offset="14" sl="20" sc="5" el="20" ec="5" bec="0" bev="0" fileid="3" />
                <SequencePoint vc="1" uspid="230" ordinal="0" offset="21" sl="22" sc="5" el="22" ec="5" bec="0" bev="0" fileid="3" />
                <SequencePoint vc="1" uspid="231" ordinal="0" offset="32" sl="24" sc="5" el="24" ec="5" bec="0" bev="0" fileid="3" />
                <SequencePoint vc="1" uspid="232" ordinal="0" offset="43" sl="30" sc="5" el="30" ec="5" bec="0" bev="0" fileid="3" />
                <SequencePoint vc="1" uspid="233" ordinal="0" offset="50" sl="31" sc="5" el="31" ec="5" bec="0" bev="0" fileid="3" />
                <SequencePoint vc="1" uspid="234" ordinal="0" offset="51" sl="32" sc="7" el="32" ec="7" bec="0" bev="0" fileid="3" />
                <SequencePoint vc="1" uspid="235" ordinal="0" offset="58" sl="33" sc="7" el="33" ec="7" bec="0" bev="0" fileid="3" />
                <SequencePoint vc="1" uspid="236" ordinal="0" offset="65" sl="34" sc="5" el="34" ec="5" bec="0" bev="0" fileid="3" />
              </SequencePoints>
              <BranchPoints />
            </Method>
            <Method visited="false" cyclomaticComplexity="0" nPathComplexity="0" sequenceCoverage="0.0" branchCoverage="0" crapScore="0" isConstructor="true" isStatic="false" isGetter="false" isSetter="false">
              <Summary numSequencePoints="14" visitedSequencePoints="0" numBranchPoints="0" visitedBranchPoints="0" sequenceCoverage="0.0" branchCoverage="0" maxCyclomaticComplexity="0" minCyclomaticComplexity="0" maxCrapScore="0" minCrapScore="0" visitedClasses="0" numClasses="0" visitedMethods="0" numMethods="1" />
              <MetadataToken>100663298</MetadataToken>
              <Name>Bee::Bee(System.String, System.String, Timer)</Name>
              <FileRef uid="3" />
              <SequencePoints>
                <SequencePoint vc="0" uspid="237" ordinal="0" offset="0" sl="10" sc="0" el="10" ec="0" bec="0" bev="0" fileid="3" />
                <SequencePoint vc="0" uspid="238" ordinal="0" offset="7" sl="14" sc="0" el="14" ec="0" bec="0" bev="0" fileid="3" />
                <SequencePoint vc="0" uspid="239" ordinal="0" offset="14" sl="20" sc="0" el="20" ec="0" bec="0" bev="0" fileid="3" />
                <SequencePoint vc="0" uspid="240" ordinal="0" offset="21" sl="22" sc="0" el="22" ec="0" bec="0" bev="0" fileid="3" />
                <SequencePoint vc="0" uspid="241" ordinal="0" offset="32" sl="24" sc="0" el="24" ec="0" bec="0" bev="0" fileid="3" />
                <SequencePoint vc="0" uspid="242" ordinal="0" offset="43" sl="36" sc="0" el="36" ec="0" bec="0" bev="0" fileid="3" />
                <SequencePoint vc="0" uspid="243" ordinal="0" offset="50" sl="37" sc="0" el="37" ec="0" bec="0" bev="0" fileid="3" />
                <SequencePoint vc="0" uspid="244" ordinal="0" offset="51" sl="38" sc="0" el="38" ec="0" bec="0" bev="0" fileid="3" />
                <SequencePoint vc="0" uspid="245" ordinal="0" offset="58" sl="39" sc="0" el="39" ec="0" bec="0" bev="0" fileid="3" />
                <SequencePoint vc="0" uspid="246" ordinal="0" offset="65" sl="40" sc="0" el="40" ec="0" bec="0" bev="0" fileid="3" />
                <SequencePoint vc="0" uspid="247" ordinal="0" offset="72" sl="41" sc="0" el="41" ec="0" bec="0" bev="0" fileid="3" />
                <SequencePoint vc="0" uspid="248" ordinal="0" offset="79" sl="42" sc="0" el="42" ec="0" bec="0" bev="0" fileid="3" />
                <SequencePoint vc="0" uspid="249" ordinal="0" offset="92" sl="43" sc="0" el="43" ec="0" bec="0" bev="0" fileid="3" />
                <SequencePoint vc="0" uspid="250" ordinal="0" offset="99" sl="44" sc="0" el="44" ec="0" bec="0" bev="0" fileid="3" />
              </SequencePoints>
              <BranchPoints />
            </Method>
          </Methods>
        </Class>
        <Class>
          <Summary numSequencePoints="111" visitedSequencePoints="5" numBranchPoints="0" visitedBranchPoints="0" sequenceCoverage="4.50" branchCoverage="0.0" maxCyclomaticComplexity="0" minCyclomaticComplexity="0" maxCrapScore="0" minCrapScore="0" visitedClasses="1" numClasses="1" visitedMethods="1" numMethods="18" />
          <FullName>BeeBody</FullName>
          <Methods>
            <Method visited="false" cyclomaticComplexity="0" nPathComplexity="0" sequenceCoverage="0.0" branchCoverage="0" crapScore="0" isConstructor="false" isStatic="false" isGetter="false" isSetter="false">
              <Summary numSequencePoints="4" visitedSequencePoints="0" numBranchPoints="0" visitedBranchPoints="0" sequenceCoverage="0.0" branchCoverage="0" maxCyclomaticComplexity="0" minCyclomaticComplexity="0" maxCrapScore="0" minCrapScore="0" visitedClasses="0" numClasses="0" visitedMethods="0" numMethods="1" />
              <MetadataToken>100663317</MetadataToken>
              <Name>System.Void BeeBody::Start()</Name>
              <FileRef uid="4" />
              <SequencePoints>
                <SequencePoint vc="0" uspid="251" ordinal="0" offset="0" sl="38" sc="0" el="38" ec="0" bec="0" bev="0" fileid="4" />
                <SequencePoint vc="0" uspid="252" ordinal="0" offset="1" sl="39" sc="0" el="39" ec="0" bec="0" bev="0" fileid="4" />
                <SequencePoint vc="0" uspid="253" ordinal="0" offset="13" sl="40" sc="0" el="40" ec="0" bec="0" bev="0" fileid="4" />
                <SequencePoint vc="0" uspid="254" ordinal="0" offset="30" sl="41" sc="0" el="41" ec="0" bec="0" bev="0" fileid="4" />
              </SequencePoints>
              <BranchPoints />
            </Method>
            <Method visited="false" cyclomaticComplexity="0" nPathComplexity="0" sequenceCoverage="0.0" branchCoverage="0" crapScore="0" isConstructor="false" isStatic="false" isGetter="false" isSetter="false">
              <Summary numSequencePoints="9" visitedSequencePoints="0" numBranchPoints="0" visitedBranchPoints="0" sequenceCoverage="0.0" branchCoverage="0" maxCyclomaticComplexity="0" minCyclomaticComplexity="0" maxCrapScore="0" minCrapScore="0" visitedClasses="0" numClasses="0" visitedMethods="0" numMethods="1" />
              <MetadataToken>100663318</MetadataToken>
              <Name>System.Void BeeBody::Update()</Name>
              <FileRef uid="4" />
              <SequencePoints>
                <SequencePoint vc="0" uspid="255" ordinal="0" offset="0" sl="45" sc="0" el="45" ec="0" bec="0" bev="0" fileid="4" />
                <SequencePoint vc="0" uspid="256" ordinal="0" offset="1" sl="46" sc="0" el="46" ec="0" bec="0" bev="0" fileid="4" />
                <SequencePoint vc="0" uspid="257" ordinal="0" offset="11" sl="47" sc="0" el="47" ec="0" bec="0" bev="0" fileid="4" />
                <SequencePoint vc="0" uspid="258" ordinal="0" offset="12" sl="48" sc="0" el="48" ec="0" bec="0" bev="0" fileid="4" />
                <SequencePoint vc="0" uspid="259" ordinal="0" offset="19" sl="49" sc="0" el="49" ec="0" bec="0" bev="0" fileid="4" />
                <SequencePoint vc="0" uspid="260" ordinal="0" offset="22" sl="50" sc="0" el="50" ec="0" bec="0" bev="0" fileid="4" />
                <SequencePoint vc="0" uspid="261" ordinal="0" offset="23" sl="51" sc="0" el="51" ec="0" bec="0" bev="0" fileid="4" />
                <SequencePoint vc="0" uspid="262" ordinal="0" offset="30" sl="52" sc="0" el="52" ec="0" bec="0" bev="0" fileid="4" />
                <SequencePoint vc="0" uspid="263" ordinal="0" offset="31" sl="53" sc="0" el="53" ec="0" bec="0" bev="0" fileid="4" />
              </SequencePoints>
              <BranchPoints />
            </Method>
            <Method visited="false" cyclomaticComplexity="0" nPathComplexity="0" sequenceCoverage="0.0" branchCoverage="0" crapScore="0" isConstructor="false" isStatic="false" isGetter="false" isSetter="false">
              <Summary numSequencePoints="10" visitedSequencePoints="0" numBranchPoints="0" visitedBranchPoints="0" sequenceCoverage="0.0" branchCoverage="0" maxCyclomaticComplexity="0" minCyclomaticComplexity="0" maxCrapScore="0" minCrapScore="0" visitedClasses="0" numClasses="0" visitedMethods="0" numMethods="1" />
              <MetadataToken>100663319</MetadataToken>
              <Name>System.Void BeeBody::moveBee()</Name>
              <FileRef uid="4" />
              <SequencePoints>
                <SequencePoint vc="0" uspid="264" ordinal="0" offset="0" sl="56" sc="0" el="56" ec="0" bec="0" bev="0" fileid="4" />
                <SequencePoint vc="0" uspid="265" ordinal="0" offset="1" sl="57" sc="0" el="57" ec="0" bec="0" bev="0" fileid="4" />
                <SequencePoint vc="0" uspid="266" ordinal="0" offset="43" sl="58" sc="0" el="58" ec="0" bec="0" bev="0" fileid="4" />
                <SequencePoint vc="0" uspid="267" ordinal="0" offset="60" sl="59" sc="0" el="59" ec="0" bec="0" bev="0" fileid="4" />
                <SequencePoint vc="0" uspid="268" ordinal="0" offset="61" sl="60" sc="0" el="60" ec="0" bec="0" bev="0" fileid="4" />
                <SequencePoint vc="0" uspid="269" ordinal="0" offset="79" sl="61" sc="0" el="61" ec="0" bec="0" bev="0" fileid="4" />
                <SequencePoint vc="0" uspid="270" ordinal="0" offset="82" sl="63" sc="0" el="63" ec="0" bec="0" bev="0" fileid="4" />
                <SequencePoint vc="0" uspid="271" ordinal="0" offset="83" sl="64" sc="0" el="64" ec="0" bec="0" bev="0" fileid="4" />
                <SequencePoint vc="0" uspid="272" ordinal="0" offset="90" sl="65" sc="0" el="65" ec="0" bec="0" bev="0" fileid="4" />
                <SequencePoint vc="0" uspid="273" ordinal="0" offset="91" sl="66" sc="0" el="66" ec="0" bec="0" bev="0" fileid="4" />
              </SequencePoints>
              <BranchPoints />
            </Method>
            <Method visited="false" cyclomaticComplexity="0" nPathComplexity="0" sequenceCoverage="0.0" branchCoverage="0" crapScore="0" isConstructor="false" isStatic="false" isGetter="false" isSetter="false">
              <Summary numSequencePoints="8" visitedSequencePoints="0" numBranchPoints="0" visitedBranchPoints="0" sequenceCoverage="0.0" branchCoverage="0" maxCyclomaticComplexity="0" minCyclomaticComplexity="0" maxCrapScore="0" minCrapScore="0" visitedClasses="0" numClasses="0" visitedMethods="0" numMethods="1" />
              <MetadataToken>100663320</MetadataToken>
              <Name>System.Void BeeBody::returnToHive()</Name>
              <FileRef uid="4" />
              <SequencePoints>
                <SequencePoint vc="0" uspid="274" ordinal="0" offset="0" sl="69" sc="0" el="69" ec="0" bec="0" bev="0" fileid="4" />
                <SequencePoint vc="0" uspid="275" ordinal="0" offset="1" sl="70" sc="0" el="70" ec="0" bec="0" bev="0" fileid="4" />
                <SequencePoint vc="0" uspid="276" ordinal="0" offset="8" sl="71" sc="0" el="71" ec="0" bec="0" bev="0" fileid="4" />
                <SequencePoint vc="0" uspid="277" ordinal="0" offset="19" sl="72" sc="0" el="72" ec="0" bec="0" bev="0" fileid="4" />
                <SequencePoint vc="0" uspid="278" ordinal="0" offset="31" sl="73" sc="0" el="73" ec="0" bec="0" bev="0" fileid="4" />
                <SequencePoint vc="0" uspid="279" ordinal="0" offset="66" sl="74" sc="0" el="74" ec="0" bec="0" bev="0" fileid="4" />
                <SequencePoint vc="0" uspid="280" ordinal="0" offset="83" sl="75" sc="0" el="75" ec="0" bec="0" bev="0" fileid="4" />
                <SequencePoint vc="0" uspid="281" ordinal="0" offset="96" sl="76" sc="0" el="76" ec="0" bec="0" bev="0" fileid="4" />
              </SequencePoints>
              <BranchPoints />
            </Method>
            <Method visited="false" cyclomaticComplexity="0" nPathComplexity="0" sequenceCoverage="0.0" branchCoverage="0" crapScore="0" isConstructor="false" isStatic="false" isGetter="false" isSetter="false">
              <Summary numSequencePoints="6" visitedSequencePoints="0" numBranchPoints="0" visitedBranchPoints="0" sequenceCoverage="0.0" branchCoverage="0" maxCyclomaticComplexity="0" minCyclomaticComplexity="0" maxCrapScore="0" minCrapScore="0" visitedClasses="0" numClasses="0" visitedMethods="0" numMethods="1" />
              <MetadataToken>100663321</MetadataToken>
              <Name>System.Void BeeBody::OnTriggerExit(UnityEngine.Collider)</Name>
              <FileRef uid="4" />
              <SequencePoints>
                <SequencePoint vc="0" uspid="282" ordinal="0" offset="0" sl="80" sc="0" el="80" ec="0" bec="0" bev="0" fileid="4" />
[...]
              <Summary numSequencePoints="4" visitedSequencePoints="0" numBranchPoints="0" visitedBranchPoints="0" sequenceCoverage="0.0" branchCoverage="0" maxCyclomaticComplexity="0" minCyclomaticComplexity="0" maxCrapScore="0" minCrapScore="0" visitedClasses="0" numClasses="0" visitedMethods="0" numMethods="1" />
              <MetadataToken>100663307</MetadataToken>
              <Name>System.Void HiveTest::HiveKnowsWhenItsPlaced()</Name>
              <FileRef uid="26" />
              <SequencePoints>
                <SequencePoint vc="0" uspid="1095" ordinal="0" offset="0" sl="29" sc="0" el="29" ec="0" bec="0" bev="0" fileid="26" />
                <SequencePoint vc="0" uspid="1096" ordinal="0" offset="1" sl="30" sc="0" el="30" ec="0" bec="0" bev="0" fileid="26" />
                <SequencePoint vc="0" uspid="1097" ordinal="0" offset="13" sl="31" sc="0" el="31" ec="0" bec="0" bev="0" fileid="26" />
                <SequencePoint vc="0" uspid="1098" ordinal="0" offset="30" sl="32" sc="0" el="32" ec="0" bec="0" bev="0" fileid="26" />
              </SequencePoints>
              <BranchPoints />
            </Method>
            <Method visited="false" cyclomaticComplexity="0" nPathComplexity="0" sequenceCoverage="0.0" branchCoverage="0" crapScore="0" isConstructor="false" isStatic="false" isGetter="false" isSetter="false">
              <Summary numSequencePoints="3" visitedSequencePoints="0" numBranchPoints="0" visitedBranchPoints="0" sequenceCoverage="0.0" branchCoverage="0" maxCyclomaticComplexity="0" minCyclomaticComplexity="0" maxCrapScore="0" minCrapScore="0" visitedClasses="0" numClasses="0" visitedMethods="0" numMethods="1" />
              <MetadataToken>100663308</MetadataToken>
              <Name>System.Void HiveTest::HiveHasAnId()</Name>
              <FileRef uid="26" />
              <SequencePoints>
                <SequencePoint vc="0" uspid="1099" ordinal="0" offset="0" sl="36" sc="0" el="36" ec="0" bec="0" bev="0" fileid="26" />
                <SequencePoint vc="0" uspid="1100" ordinal="0" offset="1" sl="37" sc="0" el="37" ec="0" bec="0" bev="0" fileid="26" />
                <SequencePoint vc="0" uspid="1101" ordinal="0" offset="18" sl="38" sc="0" el="38" ec="0" bec="0" bev="0" fileid="26" />
              </SequencePoints>
              <BranchPoints />
            </Method>
            <Method visited="false" cyclomaticComplexity="0" nPathComplexity="0" sequenceCoverage="0.0" branchCoverage="0" crapScore="0" isConstructor="false" isStatic="false" isGetter="false" isSetter="false">
              <Summary numSequencePoints="3" visitedSequencePoints="0" numBranchPoints="0" visitedBranchPoints="0" sequenceCoverage="0.0" branchCoverage="0" maxCyclomaticComplexity="0" minCyclomaticComplexity="0" maxCrapScore="0" minCrapScore="0" visitedClasses="0" numClasses="0" visitedMethods="0" numMethods="1" />
              <MetadataToken>100663309</MetadataToken>
              <Name>System.Void HiveTest::HiveHasBees()</Name>
              <FileRef uid="26" />
              <SequencePoints>
                <SequencePoint vc="0" uspid="1102" ordinal="0" offset="0" sl="42" sc="0" el="42" ec="0" bec="0" bev="0" fileid="26" />
                <SequencePoint vc="0" uspid="1103" ordinal="0" offset="1" sl="43" sc="0" el="43" ec="0" bec="0" bev="0" fileid="26" />
                <SequencePoint vc="0" uspid="1104" ordinal="0" offset="18" sl="44" sc="0" el="44" ec="0" bec="0" bev="0" fileid="26" />
              </SequencePoints>
              <BranchPoints />
            </Method>
            <Method visited="false" cyclomaticComplexity="0" nPathComplexity="0" sequenceCoverage="0.0" branchCoverage="0" crapScore="0" isConstructor="false" isStatic="false" isGetter="false" isSetter="false">
              <Summary numSequencePoints="4" visitedSequencePoints="0" numBranchPoints="0" visitedBranchPoints="0" sequenceCoverage="0.0" branchCoverage="0" maxCyclomaticComplexity="0" minCyclomaticComplexity="0" maxCrapScore="0" minCrapScore="0" visitedClasses="0" numClasses="0" visitedMethods="0" numMethods="1" />
              <MetadataToken>100663310</MetadataToken>
              <Name>System.Void HiveTest::HiveCanAddBees()</Name>
              <FileRef uid="26" />
              <SequencePoints>
                <SequencePoint vc="0" uspid="1105" ordinal="0" offset="0" sl="48" sc="0" el="48" ec="0" bec="0" bev="0" fileid="26" />
                <SequencePoint vc="0" uspid="1106" ordinal="0" offset="1" sl="49" sc="0" el="49" ec="0" bec="0" bev="0" fileid="26" />
                <SequencePoint vc="0" uspid="1107" ordinal="0" offset="18" sl="50" sc="0" el="50" ec="0" bec="0" bev="0" fileid="26" />
                <SequencePoint vc="0" uspid="1108" ordinal="0" offset="36" sl="51" sc="0" el="51" ec="0" bec="0" bev="0" fileid="26" />
              </SequencePoints>
              <BranchPoints />
            </Method>
            <Method visited="false" cyclomaticComplexity="0" nPathComplexity="0" sequenceCoverage="0.0" branchCoverage="0" crapScore="0" isConstructor="false" isStatic="false" isGetter="false" isSetter="false">
              <Summary numSequencePoints="8" visitedSequencePoints="0" numBranchPoints="0" visitedBranchPoints="0" sequenceCoverage="0.0" branchCoverage="0" maxCyclomaticComplexity="0" minCyclomaticComplexity="0" maxCrapScore="0" minCrapScore="0" visitedClasses="0" numClasses="0" visitedMethods="0" numMethods="1" />
              <MetadataToken>100663311</MetadataToken>
              <Name>System.Void HiveTest::AddedBeesKnowTheirHiveId()</Name>
              <FileRef uid="26" />
              <SequencePoints>
                <SequencePoint vc="0" uspid="1109" ordinal="0" offset="0" sl="55" sc="0" el="55" ec="0" bec="0" bev="0" fileid="26" />
                <SequencePoint vc="0" uspid="1110" ordinal="0" offset="1" sl="56" sc="0" el="56" ec="0" bec="0" bev="0" fileid="26" />
                <SequencePoint vc="0" uspid="1111" ordinal="0" offset="19" sl="57" sc="0" el="57" ec="0" bec="0" bev="0" fileid="26" />
                <SequencePoint vc="0" uspid="1112" ordinal="0" offset="37" sl="58" sc="0" el="58" ec="0" bec="0" bev="0" fileid="26" />
                <SequencePoint vc="0" uspid="1113" ordinal="0" offset="55" sl="59" sc="0" el="59" ec="0" bec="0" bev="0" fileid="26" />
                <SequencePoint vc="0" uspid="1114" ordinal="0" offset="78" sl="60" sc="0" el="60" ec="0" bec="0" bev="0" fileid="26" />
                <SequencePoint vc="0" uspid="1115" ordinal="0" offset="101" sl="61" sc="0" el="61" ec="0" bec="0" bev="0" fileid="26" />
                <SequencePoint vc="0" uspid="1116" ordinal="0" offset="124" sl="62" sc="0" el="62" ec="0" bec="0" bev="0" fileid="26" />
              </SequencePoints>
              <BranchPoints />
            </Method>
            <Method visited="false" cyclomaticComplexity="0" nPathComplexity="0" sequenceCoverage="0.0" branchCoverage="0" crapScore="0" isConstructor="false" isStatic="false" isGetter="false" isSetter="false">
              <Summary numSequencePoints="4" visitedSequencePoints="0" numBranchPoints="0" visitedBranchPoints="0" sequenceCoverage="0.0" branchCoverage="0" maxCyclomaticComplexity="0" minCyclomaticComplexity="0" maxCrapScore="0" minCrapScore="0" visitedClasses="0" numClasses="0" visitedMethods="0" numMethods="1" />
              <MetadataToken>100663312</MetadataToken>
              <Name>System.Void HiveTest::CanFindAndReturnABeeThatIsNotInFlight()</Name>
              <FileRef uid="26" />
              <SequencePoints>
                <SequencePoint vc="0" uspid="1117" ordinal="0" offset="0" sl="66" sc="0" el="66" ec="0" bec="0" bev="0" fileid="26" />
                <SequencePoint vc="0" uspid="1118" ordinal="0" offset="1" sl="67" sc="0" el="67" ec="0" bec="0" bev="0" fileid="26" />
                <SequencePoint vc="0" uspid="1119" ordinal="0" offset="13" sl="68" sc="0" el="68" ec="0" bec="0" bev="0" fileid="26" />
                <SequencePoint vc="0" uspid="1120" ordinal="0" offset="25" sl="69" sc="0" el="69" ec="0" bec="0" bev="0" fileid="26" />
              </SequencePoints>
              <BranchPoints />
            </Method>
            <Method visited="false" cyclomaticComplexity="0" nPathComplexity="0" sequenceCoverage="0.0" branchCoverage="0" crapScore="0" isConstructor="false" isStatic="false" isGetter="false" isSetter="false">
              <Summary numSequencePoints="11" visitedSequencePoints="0" numBranchPoints="0" visitedBranchPoints="0" sequenceCoverage="0.0" branchCoverage="0" maxCyclomaticComplexity="0" minCyclomaticComplexity="0" maxCrapScore="0" minCrapScore="0" visitedClasses="0" numClasses="0" visitedMethods="0" numMethods="1" />
              <MetadataToken>100663313</MetadataToken>
              <Name>System.Void HiveTest::WillNotReturnAnyBeesIfAllHaveLeftHive()</Name>
              <FileRef uid="26" />
              <SequencePoints>
                <SequencePoint vc="0" uspid="1121" ordinal="0" offset="0" sl="73" sc="0" el="73" ec="0" bec="0" bev="0" fileid="26" />
                <SequencePoint vc="0" uspid="1122" ordinal="0" offset="1" sl="74" sc="0" el="74" ec="0" bec="0" bev="0" fileid="26" />
                <SequencePoint vc="0" uspid="1123" ordinal="0" offset="2" sl="74" sc="0" el="74" ec="0" bec="0" bev="0" fileid="26" />
                <SequencePoint vc="0" uspid="1124" ordinal="0" offset="21" sl="74" sc="0" el="74" ec="0" bec="0" bev="0" fileid="26" />
                <SequencePoint vc="0" uspid="1125" ordinal="0" offset="29" sl="75" sc="0" el="75" ec="0" bec="0" bev="0" fileid="26" />
                <SequencePoint vc="0" uspid="1126" ordinal="0" offset="30" sl="76" sc="0" el="76" ec="0" bec="0" bev="0" fileid="26" />
                <SequencePoint vc="0" uspid="1127" ordinal="0" offset="37" sl="77" sc="0" el="77" ec="0" bec="0" bev="0" fileid="26" />
                <SequencePoint vc="0" uspid="1128" ordinal="0" offset="38" sl="74" sc="0" el="74" ec="0" bec="0" bev="0" fileid="26" />
                <SequencePoint vc="0" uspid="1129" ordinal="0" offset="64" sl="78" sc="0" el="78" ec="0" bec="0" bev="0" fileid="26" />
                <SequencePoint vc="0" uspid="1130" ordinal="0" offset="76" sl="79" sc="0" el="79" ec="0" bec="0" bev="0" fileid="26" />
                <SequencePoint vc="0" uspid="1131" ordinal="0" offset="83" sl="80" sc="0" el="80" ec="0" bec="0" bev="0" fileid="26" />
              </SequencePoints>
              <BranchPoints />
            </Method>
            <Method visited="false" cyclomaticComplexity="0" nPathComplexity="0" sequenceCoverage="0.0" branchCoverage="0" crapScore="0" isConstructor="false" isStatic="false" isGetter="false" isSetter="false">
              <Summary numSequencePoints="5" visitedSequencePoints="0" numBranchPoints="0" visitedBranchPoints="0" sequenceCoverage="0.0" branchCoverage="0" maxCyclomaticComplexity="0" minCyclomaticComplexity="0" maxCrapScore="0" minCrapScore="0" visitedClasses="0" numClasses="0" visitedMethods="0" numMethods="1" />
              <MetadataToken>100663314</MetadataToken>
              <Name>System.Void HiveTest::ItCanSetItsPosition()</Name>
              <FileRef uid="26" />
              <SequencePoints>
                <SequencePoint vc="0" uspid="1132" ordinal="0" offset="0" sl="84" sc="0" el="84" ec="0" bec="0" bev="0" fileid="26" />
                <SequencePoint vc="0" uspid="1133" ordinal="0" offset="1" sl="85" sc="0" el="85" ec="0" bec="0" bev="0" fileid="26" />
                <SequencePoint vc="0" uspid="1134" ordinal="0" offset="23" sl="86" sc="0" el="86" ec="0" bec="0" bev="0" fileid="26" />
                <SequencePoint vc="0" uspid="1135" ordinal="0" offset="36" sl="87" sc="0" el="87" ec="0" bec="0" bev="0" fileid="26" />
                <SequencePoint vc="0" uspid="1136" ordinal="0" offset="64" sl="88" sc="0" el="88" ec="0" bec="0" bev="0" fileid="26" />
              </SequencePoints>
              <BranchPoints />
            </Method>
            <Method visited="false" cyclomaticComplexity="0" nPathComplexity="0" sequenceCoverage="0.0" branchCoverage="0" crapScore="0" isConstructor="false" isStatic="false" isGetter="false" isSetter="false">
              <Summary numSequencePoints="9" visitedSequencePoints="0" numBranchPoints="0" visitedBranchPoints="0" sequenceCoverage="0.0" branchCoverage="0" maxCyclomaticComplexity="0" minCyclomaticComplexity="0" maxCrapScore="0" minCrapScore="0" visitedClasses="0" numClasses="0" visitedMethods="0" numMethods="1" />
              <MetadataToken>100663315</MetadataToken>
              <Name>System.Void HiveTest::addFiveBeesToHive()</Name>
              <FileRef uid="26" />
              <SequencePoints>
                <SequencePoint vc="0" uspid="1137" ordinal="0" offset="0" sl="91" sc="0" el="91" ec="0" bec="0" bev="0" fileid="26" />
                <SequencePoint vc="0" uspid="1138" ordinal="0" offset="1" sl="92" sc="0" el="92" ec="0" bec="0" bev="0" fileid="26" />
                <SequencePoint vc="0" uspid="1139" ordinal="0" offset="5" sl="93" sc="0" el="93" ec="0" bec="0" bev="0" fileid="26" />
                <SequencePoint vc="0" uspid="1140" ordinal="0" offset="6" sl="94" sc="0" el="94" ec="0" bec="0" bev="0" fileid="26" />
                <SequencePoint vc="0" uspid="1141" ordinal="0" offset="23" sl="95" sc="0" el="95" ec="0" bec="0" bev="0" fileid="26" />
                <SequencePoint vc="0" uspid="1142" ordinal="0" offset="36" sl="96" sc="0" el="96" ec="0" bec="0" bev="0" fileid="26" />
                <SequencePoint vc="0" uspid="1143" ordinal="0" offset="37" sl="92" sc="0" el="92" ec="0" bec="0" bev="0" fileid="26" />
                <SequencePoint vc="0" uspid="1144" ordinal="0" offset="41" sl="92" sc="0" el="92" ec="0" bec="0" bev="0" fileid="26" />
                <SequencePoint vc="0" uspid="1145" ordinal="0" offset="49" sl="97" sc="0" el="97" ec="0" bec="0" bev="0" fileid="26" />
              </SequencePoints>
              <BranchPoints />
            </Method>
            <Method visited="false" cyclomaticComplexity="0" nPathComplexity="0" sequenceCoverage="0.0" branchCoverage="0" crapScore="0" isConstructor="true" isStatic="false" isGetter="false" isSetter="false">
              <Summary numSequencePoints="1" visitedSequencePoints="0" numBranchPoints="0" visitedBranchPoints="0" sequenceCoverage="0.0" branchCoverage="0" maxCyclomaticComplexity="0" minCyclomaticComplexity="0" maxCrapScore="0" minCrapScore="0" visitedClasses="0" numClasses="0" visitedMethods="0" numMethods="1" />
              <MetadataToken>100663316</MetadataToken>
              <Name>HiveTest::HiveTest()</Name>
              <FileRef uid="26" />
              <SequencePoints>
                <SequencePoint vc="0" uspid="1146" ordinal="0" offset="0" sl="10" sc="0" el="10" ec="0" bec="0" bev="0" fileid="26" />
              </SequencePoints>
              <BranchPoints />
            </Method>
          </Methods>
        </Class>
        <Class>
          <Summary numSequencePoints="9" visitedSequencePoints="0" numBranchPoints="0" visitedBranchPoints="0" sequenceCoverage="0.0" branchCoverage="0.0" maxCyclomaticComplexity="0" minCyclomaticComplexity="0" maxCrapScore="0" minCrapScore="0" visitedClasses="0" numClasses="1" visitedMethods="0" numMethods="4" />
          <FullName>MapCreatorTest</FullName>
          <Methods>
            <Method visited="false" cyclomaticComplexity="0" nPathComplexity="0" sequenceCoverage="0.0" branchCoverage="0" crapScore="0" isConstructor="false" isStatic="false" isGetter="false" isSetter="false">
              <Summary numSequencePoints="4" visitedSequencePoints="0" numBranchPoints="0" visitedBranchPoints="0" sequenceCoverage="0.0" branchCoverage="0" maxCyclomaticComplexity="0" minCyclomaticComplexity="0" maxCrapScore="0" minCrapScore="0" visitedClasses="0" numClasses="0" visitedMethods="0" numMethods="1" />
              <MetadataToken>100663317</MetadataToken>
              <Name>System.Void MapCreatorTest::SetUp()</Name>
              <FileRef uid="27" />
              <SequencePoints>
                <SequencePoint vc="0" uspid="1147" ordinal="0" offset="0" sl="16" sc="0" el="16" ec="0" bec="0" bev="0" fileid="27" />
                <SequencePoint vc="0" uspid="1148" ordinal="0" offset="1" sl="17" sc="0" el="17" ec="0" bec="0" bev="0" fileid="27" />
                <SequencePoint vc="0" uspid="1149" ordinal="0" offset="33" sl="18" sc="0" el="18" ec="0" bec="0" bev="0" fileid="27" />
                <SequencePoint vc="0" uspid="1150" ordinal="0" offset="55" sl="19" sc="0" el="19" ec="0" bec="0" bev="0" fileid="27" />
              </SequencePoints>
              <BranchPoints />
            </Method>
            <Method visited="false" cyclomaticComplexity="0" nPathComplexity="0" sequenceCoverage="0.0" branchCoverage="0" crapScore="0" isConstructor="false" isStatic="false" isGetter="false" isSetter="false">
              <Summary numSequencePoints="2" visitedSequencePoints="0" numBranchPoints="0" visitedBranchPoints="0" sequenceCoverage="0.0" branchCoverage="0" maxCyclomaticComplexity="0" minCyclomaticComplexity="0" maxCrapScore="0" minCrapScore="0" visitedClasses="0" numClasses="0" visitedMethods="0" numMethods="1" />
              <MetadataToken>100663318</MetadataToken>
              <Name>System.Void MapCreatorTest::CreatesATile()</Name>
              <FileRef uid="27" />
              <SequencePoints>
                <SequencePoint vc="0" uspid="1151" ordinal="0" offset="0" sl="23" sc="0" el="23" ec="0" bec="0" bev="0" fileid="27" />
                <SequencePoint vc="0" uspid="1152" ordinal="0" offset="1" sl="26" sc="0" el="26" ec="0" bec="0" bev="0" fileid="27" />
              </SequencePoints>
              <BranchPoints />
            </Method>
            <Method visited="false" cyclomaticComplexity="0" nPathComplexity="0" sequenceCoverage="0.0" branchCoverage="0" crapScore="0" isConstructor="false" isStatic="false" isGetter="false" isSetter="false">
              <Summary numSequencePoints="2" visitedSequencePoints="0" numBranchPoints="0" visitedBranchPoints="0" sequenceCoverage="0.0" branchCoverage="0" maxCyclomaticComplexity="0" minCyclomaticComplexity="0" maxCrapScore="0" minCrapScore="0" visitedClasses="0" numClasses="0" visitedMethods="0" numMethods="1" />
              <MetadataToken>100663319</MetadataToken>
              <Name>System.Void MapCreatorTest::CreatesATileAtAGivenCoordinate()</Name>
              <FileRef uid="27" />
              <SequencePoints>
                <SequencePoint vc="0" uspid="1153" ordinal="0" offset="0" sl="30" sc="0" el="30" ec="0" bec="0" bev="0" fileid="27" />
                <SequencePoint vc="0" uspid="1154" ordinal="0" offset="1" sl="33" sc="0" el="33" ec="0" bec="0" bev="0" fileid="27" />
              </SequencePoints>
              <BranchPoints />
            </Method>
            <Method visited="false" cyclomaticComplexity="0" nPathComplexity="0" sequenceCoverage="0.0" branchCoverage="0" crapScore="0" isConstructor="true" isStatic="false" isGetter="false" isSetter="false">
              <Summary numSequencePoints="1" visitedSequencePoints="0" numBranchPoints="0" visitedBranchPoints="0" sequenceCoverage="0.0" branchCoverage="0" maxCyclomaticComplexity="0" minCyclomaticComplexity="0" maxCrapScore="0" minCrapScore="0" visitedClasses="0" numClasses="0" visitedMethods="0" numMethods="1" />
              <MetadataToken>100663320</MetadataToken>
              <Name>MapCreatorTest::MapCreatorTest()</Name>
              <FileRef uid="27" />
              <SequencePoints>
                <SequencePoint vc="0" uspid="1155" ordinal="0" offset="0" sl="10" sc="0" el="10" ec="0" bec="0" bev="0" fileid="27" />
              </SequencePoints>
              <BranchPoints />
            </Method>
          </Methods>
        </Class>
      </Classes>
    </Module>
  </Modules>
</CoverageSession>